0 verbose cli /usr/local/bin/node /Users/arjunss/.npm-global/bin/npm
1 info using npm@11.6.0
2 info using node@v22.19.0
3 silly config load:file:/Users/arjunss/.npm-global/lib/node_modules/npm/npmrc
4 silly config load:file:/Users/arjunss/Ai Bot/packages/widget/.npmrc
5 silly config load:file:/Users/arjunss/.npmrc
6 silly config load:file:/Users/arjunss/.npm-global/etc/npmrc
7 verbose title npm install
8 verbose argv "install" "--cache" "/Users/arjunss/Ai Bot/.npm-cache" "--loglevel" "verbose"
9 verbose logfile logs-max:10 dir:/Users/arjunss/Ai Bot/.npm-cache/_logs/2026-02-02T17_26_56_442Z-
10 verbose logfile /Users/arjunss/Ai Bot/.npm-cache/_logs/2026-02-02T17_26_56_442Z-debug-0.log
11 silly logfile done cleaning log files
12 silly packumentCache heap:4345298944 maxSize:1086324736 maxEntrySize:543162368
13 silly idealTree buildDeps
14 silly reify moves {}
15 silly audit report null
16 verbose cwd /Users/arjunss/Ai Bot/packages/widget
17 verbose os Darwin 25.2.0
18 verbose node v22.19.0
19 verbose npm  v11.6.0
20 verbose exit 0
21 info ok
