0 verbose cli /usr/local/bin/node /Users/arjunss/.npm-global/lib/node_modules/npm/bin/npm-cli.js
1 info using npm@11.6.0
2 info using node@v22.19.0
3 silly config load:file:/Users/arjunss/.npm-global/lib/node_modules/npm/npmrc
4 silly config load:file:/Users/arjunss/Ai Bot/.npmrc
5 silly config load:file:/Users/arjunss/.npmrc
6 silly config load:file:/Users/arjunss/.npm-global/etc/npmrc
7 verbose title npm exec localtunnel --port 3000
8 verbose argv "exec" "--" "localtunnel" "--port" "3000"
9 verbose logfile logs-max:10 dir:/Users/arjunss/Ai Bot/.npm-cache/_logs/2026-02-04T19_12_46_267Z-
10 verbose logfile /Users/arjunss/Ai Bot/.npm-cache/_logs/2026-02-04T19_12_46_267Z-debug-0.log
11 silly logfile done cleaning log files
12 silly packumentCache heap:4345298944 maxSize:1086324736 maxEntrySize:543162368
13 http fetch GET 200 https://registry.npmjs.org/localtunnel 1123ms (cache revalidated)
14 silly packumentCache heap:4345298944 maxSize:1086324736 maxEntrySize:543162368
15 silly packumentCache heap:4345298944 maxSize:1086324736 maxEntrySize:543162368
16 verbose cwd /Users/arjunss/Ai Bot
17 verbose os Darwin 25.2.0
18 verbose node v22.19.0
19 verbose npm  v11.6.0
20 verbose exit 0
21 info ok
