0 verbose cli /usr/local/bin/node /Users/arjunss/.npm-global/bin/npm
1 info using npm@11.6.0
2 info using node@v22.19.0
3 silly config load:file:/Users/arjunss/.npm-global/lib/node_modules/npm/npmrc
4 silly config load:file:/Users/arjunss/Ai Bot/apps/web/.npmrc
5 silly config load:file:/Users/arjunss/.npmrc
6 silly config load:file:/Users/arjunss/.npm-global/etc/npmrc
7 verbose title npm install @woocommerce/woocommerce-rest-api
8 verbose argv "install" "@woocommerce/woocommerce-rest-api" "--cache" "/Users/arjunss/Ai Bot/.npm-cache"
9 verbose logfile logs-max:10 dir:/Users/arjunss/Ai Bot/.npm-cache/_logs/2026-02-14T15_23_42_488Z-
10 verbose logfile /Users/arjunss/Ai Bot/.npm-cache/_logs/2026-02-14T15_23_42_488Z-debug-0.log
11 silly logfile done cleaning log files
12 silly packumentCache heap:4345298944 maxSize:1086324736 maxEntrySize:543162368
13 silly idealTree buildDeps
14 silly fetch manifest @woocommerce/woocommerce-rest-api@*
15 silly packumentCache full:https://registry.npmjs.org/@woocommerce%2fwoocommerce-rest-api cache-miss
16 http fetch GET 200 https://registry.npmjs.org/@woocommerce%2fwoocommerce-rest-api 220ms (cache miss)
17 silly packumentCache full:https://registry.npmjs.org/@woocommerce%2fwoocommerce-rest-api set size:undefined disposed:false
18 silly placeDep ROOT @woocommerce/woocommerce-rest-api@1.0.2 OK for: web@0.1.0 want: *
19 silly fetch manifest axios@^1.6.8
20 silly packumentCache full:https://registry.npmjs.org/axios cache-miss
21 silly fetch manifest url-parse@^1.4.7
22 silly packumentCache full:https://registry.npmjs.org/url-parse cache-miss
23 silly fetch manifest oauth-1.0a@^2.2.6
24 silly packumentCache full:https://registry.npmjs.org/oauth-1.0a cache-miss
25 silly fetch manifest create-hmac@^1.1.7
26 silly packumentCache full:https://registry.npmjs.org/create-hmac cache-miss
27 http fetch GET 200 https://registry.npmjs.org/url-parse 74ms (cache miss)
28 silly packumentCache full:https://registry.npmjs.org/url-parse set size:undefined disposed:false
29 http fetch GET 200 https://registry.npmjs.org/create-hmac 188ms (cache miss)
30 silly packumentCache full:https://registry.npmjs.org/create-hmac set size:undefined disposed:false
31 http fetch GET 200 https://registry.npmjs.org/axios 189ms (cache updated)
32 silly packumentCache full:https://registry.npmjs.org/axios set size:undefined disposed:false
33 http fetch GET 200 https://registry.npmjs.org/oauth-1.0a 194ms (cache miss)
34 silly packumentCache full:https://registry.npmjs.org/oauth-1.0a set size:undefined disposed:false
35 silly placeDep ROOT axios@1.13.5 OK for: @woocommerce/woocommerce-rest-api@1.0.2 want: ^1.6.8
36 silly placeDep ROOT create-hmac@1.1.7 OK for: @woocommerce/woocommerce-rest-api@1.0.2 want: ^1.1.7
37 silly placeDep ROOT oauth-1.0a@2.2.6 OK for: @woocommerce/woocommerce-rest-api@1.0.2 want: ^2.2.6
38 silly placeDep ROOT url-parse@1.5.10 OK for: @woocommerce/woocommerce-rest-api@1.0.2 want: ^1.4.7
39 silly fetch manifest follow-redirects@^1.15.11
40 silly packumentCache full:https://registry.npmjs.org/follow-redirects cache-miss
41 silly fetch manifest form-data@^4.0.5
42 silly packumentCache full:https://registry.npmjs.org/form-data cache-miss
43 silly fetch manifest proxy-from-env@^1.1.0
44 silly packumentCache full:https://registry.npmjs.org/proxy-from-env cache-miss
45 silly fetch manifest cipher-base@^1.0.3
46 silly packumentCache full:https://registry.npmjs.org/cipher-base cache-miss
47 silly fetch manifest create-hash@^1.1.0
48 silly packumentCache full:https://registry.npmjs.org/create-hash cache-miss
49 silly fetch manifest inherits@^2.0.1
50 silly packumentCache full:https://registry.npmjs.org/inherits cache-miss
51 silly fetch manifest ripemd160@^2.0.0
52 silly packumentCache full:https://registry.npmjs.org/ripemd160 cache-miss
53 silly fetch manifest safe-buffer@^5.0.1
54 silly packumentCache full:https://registry.npmjs.org/safe-buffer cache-miss
55 silly fetch manifest sha.js@^2.4.8
56 silly packumentCache full:https://registry.npmjs.org/sha.js cache-miss
57 silly fetch manifest querystringify@^2.1.1
58 silly packumentCache full:https://registry.npmjs.org/querystringify cache-miss
59 silly fetch manifest requires-port@^1.0.0
60 silly packumentCache full:https://registry.npmjs.org/requires-port cache-miss
61 http fetch GET 200 https://registry.npmjs.org/create-hash 50ms (cache miss)
62 silly packumentCache full:https://registry.npmjs.org/create-hash set size:undefined disposed:false
63 http fetch GET 200 https://registry.npmjs.org/form-data 53ms (cache miss)
64 silly packumentCache full:https://registry.npmjs.org/form-data set size:undefined disposed:false
65 http fetch GET 200 https://registry.npmjs.org/cipher-base 55ms (cache miss)
66 silly packumentCache full:https://registry.npmjs.org/cipher-base set size:undefined disposed:false
67 http fetch GET 200 https://registry.npmjs.org/proxy-from-env 64ms (cache miss)
68 silly packumentCache full:https://registry.npmjs.org/proxy-from-env set size:undefined disposed:false
69 http fetch GET 200 https://registry.npmjs.org/ripemd160 147ms (cache miss)
70 silly packumentCache full:https://registry.npmjs.org/ripemd160 set size:undefined disposed:false
71 http fetch GET 200 https://registry.npmjs.org/sha.js 146ms (cache miss)
72 silly packumentCache full:https://registry.npmjs.org/sha.js set size:undefined disposed:false
73 http fetch GET 200 https://registry.npmjs.org/safe-buffer 147ms (cache miss)
74 silly packumentCache full:https://registry.npmjs.org/safe-buffer set size:undefined disposed:false
75 http fetch GET 200 https://registry.npmjs.org/inherits 155ms (cache miss)
76 silly packumentCache full:https://registry.npmjs.org/inherits set size:undefined disposed:false
77 http fetch GET 200 https://registry.npmjs.org/querystringify 188ms (cache miss)
78 silly packumentCache full:https://registry.npmjs.org/querystringify set size:undefined disposed:false
79 http fetch GET 200 https://registry.npmjs.org/follow-redirects 194ms (cache revalidated)
80 silly packumentCache full:https://registry.npmjs.org/follow-redirects set size:186700 disposed:false
81 http fetch GET 200 https://registry.npmjs.org/requires-port 194ms (cache miss)
82 silly packumentCache full:https://registry.npmjs.org/requires-port set size:undefined disposed:false
83 silly placeDep ROOT follow-redirects@1.15.11 OK for: axios@1.13.5 want: ^1.15.11
84 silly placeDep ROOT form-data@4.0.5 OK for: axios@1.13.5 want: ^4.0.5
85 silly placeDep ROOT proxy-from-env@1.1.0 OK for: axios@1.13.5 want: ^1.1.0
86 silly fetch manifest asynckit@^0.4.0
87 silly packumentCache full:https://registry.npmjs.org/asynckit cache-miss
88 silly fetch manifest combined-stream@^1.0.8
89 silly packumentCache full:https://registry.npmjs.org/combined-stream cache-miss
90 silly fetch manifest mime-types@^2.1.12
91 silly packumentCache full:https://registry.npmjs.org/mime-types cache-miss
92 http fetch GET 200 https://registry.npmjs.org/mime-types 149ms (cache miss)
93 silly packumentCache full:https://registry.npmjs.org/mime-types set size:undefined disposed:false
94 http fetch GET 200 https://registry.npmjs.org/combined-stream 151ms (cache miss)
95 silly packumentCache full:https://registry.npmjs.org/combined-stream set size:undefined disposed:false
96 http fetch GET 200 https://registry.npmjs.org/asynckit 152ms (cache miss)
97 silly packumentCache full:https://registry.npmjs.org/asynckit set size:undefined disposed:false
98 silly placeDep ROOT cipher-base@1.0.7 OK for: create-hmac@1.1.7 want: ^1.0.3
99 silly placeDep ROOT create-hash@1.2.0 OK for: create-hmac@1.1.7 want: ^1.1.0
100 silly placeDep ROOT inherits@2.0.4 OK for: create-hmac@1.1.7 want: ^2.0.1
101 silly placeDep ROOT ripemd160@2.0.3 OK for: create-hmac@1.1.7 want: ^2.0.0
102 silly placeDep ROOT safe-buffer@5.2.1 OK for: create-hmac@1.1.7 want: ^5.0.1
103 silly placeDep ROOT sha.js@2.4.12 OK for: create-hmac@1.1.7 want: ^2.4.8
104 silly fetch manifest inherits@^2.0.4
105 silly packumentCache full:https://registry.npmjs.org/inherits cache-miss
106 silly fetch manifest safe-buffer@^5.2.1
107 silly packumentCache full:https://registry.npmjs.org/safe-buffer cache-miss
108 silly fetch manifest to-buffer@^1.2.2
109 silly packumentCache full:https://registry.npmjs.org/to-buffer cache-miss
110 silly fetch manifest md5.js@^1.3.4
111 silly packumentCache full:https://registry.npmjs.org/md5.js cache-miss
112 silly fetch manifest ripemd160@^2.0.1
113 silly packumentCache full:https://registry.npmjs.org/ripemd160 cache-miss
114 silly fetch manifest sha.js@^2.4.0
115 silly packumentCache full:https://registry.npmjs.org/sha.js cache-miss
116 silly fetch manifest hash-base@^3.1.2
117 silly packumentCache full:https://registry.npmjs.org/hash-base cache-miss
118 silly fetch manifest to-buffer@^1.2.0
119 silly packumentCache full:https://registry.npmjs.org/to-buffer cache-miss
120 http cache https://registry.npmjs.org/safe-buffer 4ms (cache hit)
121 silly packumentCache full:https://registry.npmjs.org/safe-buffer set size:41183 disposed:false
122 http cache https://registry.npmjs.org/ripemd160 4ms (cache hit)
123 silly packumentCache full:https://registry.npmjs.org/ripemd160 set size:18670 disposed:false
124 http cache https://registry.npmjs.org/inherits 5ms (cache hit)
125 silly packumentCache full:https://registry.npmjs.org/inherits set size:12925 disposed:false
126 http cache https://registry.npmjs.org/sha.js 4ms (cache hit)
127 silly packumentCache full:https://registry.npmjs.org/sha.js set size:68119 disposed:false
128 http fetch GET 200 https://registry.npmjs.org/md5.js 57ms (cache miss)
129 silly packumentCache full:https://registry.npmjs.org/md5.js set size:undefined disposed:false
130 http fetch GET 200 https://registry.npmjs.org/hash-base 58ms (cache miss)
131 silly packumentCache full:https://registry.npmjs.org/hash-base set size:undefined disposed:false
132 http fetch GET 200 https://registry.npmjs.org/to-buffer 74ms (cache miss)
133 silly packumentCache full:https://registry.npmjs.org/to-buffer set size:undefined disposed:false
134 http fetch GET 200 https://registry.npmjs.org/to-buffer 75ms (cache miss)
135 silly packumentCache full:https://registry.npmjs.org/to-buffer set size:undefined disposed:false
136 silly placeDep ROOT to-buffer@1.2.2 OK for: cipher-base@1.0.7 want: ^1.2.2
137 silly placeDep ROOT md5.js@1.3.5 OK for: create-hash@1.2.0 want: ^1.3.4
138 silly fetch manifest hash-base@^3.0.0
139 silly packumentCache full:https://registry.npmjs.org/hash-base cache-miss
140 http cache https://registry.npmjs.org/hash-base 2ms (cache hit)
141 silly packumentCache full:https://registry.npmjs.org/hash-base set size:31183 disposed:false
142 silly placeDep ROOT asynckit@0.4.0 OK for: form-data@4.0.5 want: ^0.4.0
143 silly placeDep ROOT combined-stream@1.0.8 OK for: form-data@4.0.5 want: ^1.0.8
144 silly placeDep ROOT mime-types@2.1.35 OK for: form-data@4.0.5 want: ^2.1.12
145 silly fetch manifest delayed-stream@~1.0.0
146 silly packumentCache full:https://registry.npmjs.org/delayed-stream cache-miss
147 silly fetch manifest mime-db@1.52.0
148 silly packumentCache full:https://registry.npmjs.org/mime-db cache-miss
149 http fetch GET 200 https://registry.npmjs.org/delayed-stream 55ms (cache miss)
150 silly packumentCache full:https://registry.npmjs.org/delayed-stream set size:undefined disposed:false
151 http fetch GET 200 https://registry.npmjs.org/mime-db 55ms (cache miss)
152 silly packumentCache full:https://registry.npmjs.org/mime-db set size:undefined disposed:false
153 silly placeDep ROOT delayed-stream@1.0.0 OK for: combined-stream@1.0.8 want: ~1.0.0
154 silly placeDep ROOT hash-base@3.1.2 OK for: md5.js@1.3.5 want: ^3.0.0
155 silly fetch manifest readable-stream@^2.3.8
156 silly packumentCache full:https://registry.npmjs.org/readable-stream cache-miss
157 http fetch GET 200 https://registry.npmjs.org/readable-stream 95ms (cache miss)
158 silly packumentCache full:https://registry.npmjs.org/readable-stream set size:undefined disposed:false
159 silly placeDep ROOT readable-stream@2.3.8 OK for: hash-base@3.1.2 want: ^2.3.8
160 silly fetch manifest isarray@~1.0.0
161 silly packumentCache full:https://registry.npmjs.org/isarray cache-miss
162 silly fetch manifest safe-buffer@~5.1.1
163 silly packumentCache full:https://registry.npmjs.org/safe-buffer cache-hit
164 silly fetch manifest core-util-is@~1.0.0
165 silly packumentCache full:https://registry.npmjs.org/core-util-is cache-miss
166 silly fetch manifest string_decoder@~1.1.1
167 silly packumentCache full:https://registry.npmjs.org/string_decoder cache-miss
168 silly fetch manifest util-deprecate@~1.0.1
169 silly packumentCache full:https://registry.npmjs.org/util-deprecate cache-miss
170 silly fetch manifest process-nextick-args@~2.0.0
171 silly packumentCache full:https://registry.npmjs.org/process-nextick-args cache-miss
172 http fetch GET 200 https://registry.npmjs.org/string_decoder 48ms (cache miss)
173 silly packumentCache full:https://registry.npmjs.org/string_decoder set size:undefined disposed:false
174 http fetch GET 200 https://registry.npmjs.org/core-util-is 49ms (cache miss)
175 silly packumentCache full:https://registry.npmjs.org/core-util-is set size:undefined disposed:false
176 http fetch GET 200 https://registry.npmjs.org/isarray 63ms (cache revalidated)
177 silly packumentCache full:https://registry.npmjs.org/isarray set size:17392 disposed:false
178 http fetch GET 200 https://registry.npmjs.org/process-nextick-args 64ms (cache miss)
179 silly packumentCache full:https://registry.npmjs.org/process-nextick-args set size:undefined disposed:false
180 http fetch GET 200 https://registry.npmjs.org/util-deprecate 105ms (cache miss)
181 silly packumentCache full:https://registry.npmjs.org/util-deprecate set size:undefined disposed:false
182 silly placeDep ROOT mime-db@1.52.0 OK for: mime-types@2.1.35 want: 1.52.0
183 silly placeDep ROOT core-util-is@1.0.3 OK for: readable-stream@2.3.8 want: ~1.0.0
184 silly placeDep node_modules/readable-stream isarray@1.0.0 OK for: readable-stream@2.3.8 want: ~1.0.0
185 silly placeDep ROOT process-nextick-args@2.0.1 OK for: readable-stream@2.3.8 want: ~2.0.0
186 silly placeDep node_modules/readable-stream safe-buffer@5.1.2 OK for: readable-stream@2.3.8 want: ~5.1.1
187 silly placeDep ROOT string_decoder@1.1.1 OK for: readable-stream@2.3.8 want: ~1.1.1
188 silly placeDep ROOT util-deprecate@1.0.2 OK for: readable-stream@2.3.8 want: ~1.0.1
189 silly fetch manifest safe-buffer@~5.1.0
190 silly packumentCache full:https://registry.npmjs.org/safe-buffer cache-hit
191 silly placeDep node_modules/string_decoder safe-buffer@5.1.2 OK for: string_decoder@1.1.1 want: ~5.1.0
192 silly placeDep ROOT querystringify@2.2.0 OK for: url-parse@1.5.10 want: ^2.1.1
193 silly placeDep ROOT requires-port@1.0.0 OK for: url-parse@1.5.10 want: ^1.0.0
194 silly reify moves {}
195 silly audit bulk request {
195 silly audit   '@alloc/quick-lru': [ '5.2.0' ],
195 silly audit   '@babel/code-frame': [ '7.29.0' ],
195 silly audit   '@babel/compat-data': [ '7.29.0' ],
195 silly audit   '@babel/core': [ '7.29.0' ],
195 silly audit   '@babel/generator': [ '7.29.0' ],
195 silly audit   '@babel/helper-compilation-targets': [ '7.28.6' ],
195 silly audit   '@babel/helper-globals': [ '7.28.0' ],
195 silly audit   '@babel/helper-module-imports': [ '7.28.6' ],
195 silly audit   '@babel/helper-module-transforms': [ '7.28.6' ],
195 silly audit   '@babel/helper-string-parser': [ '7.27.1' ],
195 silly audit   '@babel/helper-validator-identifier': [ '7.28.5' ],
195 silly audit   '@babel/helper-validator-option': [ '7.27.1' ],
195 silly audit   '@babel/helpers': [ '7.28.6' ],
195 silly audit   '@babel/parser': [ '7.29.0' ],
195 silly audit   '@babel/template': [ '7.28.6' ],
195 silly audit   '@babel/traverse': [ '7.29.0' ],
195 silly audit   '@babel/types': [ '7.29.0' ],
195 silly audit   '@emnapi/core': [ '1.8.1' ],
195 silly audit   '@emnapi/runtime': [ '1.8.1' ],
195 silly audit   '@emnapi/wasi-threads': [ '1.1.0' ],
195 silly audit   '@eslint-community/eslint-utils': [ '4.9.1' ],
195 silly audit   'eslint-visitor-keys': [ '3.4.3', '4.2.1' ],
195 silly audit   '@eslint-community/regexpp': [ '4.12.2' ],
195 silly audit   '@eslint/config-array': [ '0.21.1' ],
195 silly audit   '@eslint/config-helpers': [ '0.4.2' ],
195 silly audit   '@eslint/core': [ '0.17.0' ],
195 silly audit   '@eslint/eslintrc': [ '3.3.3' ],
195 silly audit   '@eslint/js': [ '9.39.2' ],
195 silly audit   '@eslint/object-schema': [ '2.1.7' ],
195 silly audit   '@eslint/plugin-kit': [ '0.4.1' ],
195 silly audit   '@google/generative-ai': [ '0.24.1' ],
195 silly audit   '@humanfs/core': [ '0.19.1' ],
195 silly audit   '@humanfs/node': [ '0.16.7' ],
195 silly audit   '@humanwhocodes/module-importer': [ '1.0.1' ],
195 silly audit   '@humanwhocodes/retry': [ '0.4.3' ],
195 silly audit   '@img/colour': [ '1.0.0' ],
195 silly audit   '@img/sharp-darwin-arm64': [ '0.34.5' ],
195 silly audit   '@img/sharp-libvips-darwin-arm64': [ '1.2.4' ],
195 silly audit   '@jridgewell/gen-mapping': [ '0.3.13' ],
195 silly audit   '@jridgewell/remapping': [ '2.3.5' ],
195 silly audit   '@jridgewell/resolve-uri': [ '3.1.2' ],
195 silly audit   '@jridgewell/sourcemap-codec': [ '1.5.5' ],
195 silly audit   '@jridgewell/trace-mapping': [ '0.3.31' ],
195 silly audit   '@napi-rs/wasm-runtime': [ '0.2.12' ],
195 silly audit   '@next/env': [ '16.1.6' ],
195 silly audit   '@next/eslint-plugin-next': [ '16.1.6' ],
195 silly audit   '@next/swc-darwin-arm64': [ '16.1.6' ],
195 silly audit   '@next/swc-darwin-x64': [ '16.1.6' ],
195 silly audit   '@next/swc-linux-arm64-gnu': [ '16.1.6' ],
195 silly audit   '@next/swc-linux-arm64-musl': [ '16.1.6' ],
195 silly audit   '@next/swc-linux-x64-gnu': [ '16.1.6' ],
195 silly audit   '@next/swc-linux-x64-musl': [ '16.1.6' ],
195 silly audit   '@next/swc-win32-arm64-msvc': [ '16.1.6' ],
195 silly audit   '@next/swc-win32-x64-msvc': [ '16.1.6' ],
195 silly audit   '@nodelib/fs.scandir': [ '2.1.5' ],
195 silly audit   '@nodelib/fs.stat': [ '2.0.5' ],
195 silly audit   '@nodelib/fs.walk': [ '1.2.8' ],
195 silly audit   '@nolyfill/is-core-module': [ '1.0.39' ],
195 silly audit   '@rtsao/scc': [ '1.1.0' ],
195 silly audit   '@swc/helpers': [ '0.5.15' ],
195 silly audit   '@tailwindcss/node': [ '4.1.18' ],
195 silly audit   '@tailwindcss/oxide': [ '4.1.18' ],
195 silly audit   '@tailwindcss/oxide-darwin-arm64': [ '4.1.18' ],
195 silly audit   '@tailwindcss/oxide-android-arm64': [ '4.1.18' ],
195 silly audit   '@tailwindcss/oxide-darwin-x64': [ '4.1.18' ],
195 silly audit   '@tailwindcss/oxide-freebsd-x64': [ '4.1.18' ],
195 silly audit   '@tailwindcss/oxide-linux-arm-gnueabihf': [ '4.1.18' ],
195 silly audit   '@tailwindcss/oxide-linux-arm64-gnu': [ '4.1.18' ],
195 silly audit   '@tailwindcss/oxide-linux-arm64-musl': [ '4.1.18' ],
195 silly audit   '@tailwindcss/oxide-linux-x64-gnu': [ '4.1.18' ],
195 silly audit   '@tailwindcss/oxide-linux-x64-musl': [ '4.1.18' ],
195 silly audit   '@tailwindcss/oxide-wasm32-wasi': [ '4.1.18' ],
195 silly audit   '@tailwindcss/oxide-win32-arm64-msvc': [ '4.1.18' ],
195 silly audit   '@tailwindcss/oxide-win32-x64-msvc': [ '4.1.18' ],
195 silly audit   '@tailwindcss/postcss': [ '4.1.18' ],
195 silly audit   '@tybys/wasm-util': [ '0.10.1' ],
195 silly audit   '@types/estree': [ '1.0.8' ],
195 silly audit   '@types/json-schema': [ '7.0.15' ],
195 silly audit   '@types/json5': [ '0.0.29' ],
195 silly audit   '@types/node': [ '20.19.30' ],
195 silly audit   '@types/react': [ '19.2.10' ],
195 silly audit   '@types/react-dom': [ '19.2.3' ],
195 silly audit   '@typescript-eslint/eslint-plugin': [ '8.54.0' ],
195 silly audit   ignore: [ '7.0.5', '5.3.2' ],
195 silly audit   '@typescript-eslint/parser': [ '8.54.0' ],
195 silly audit   '@typescript-eslint/project-service': [ '8.54.0' ],
195 silly audit   '@typescript-eslint/scope-manager': [ '8.54.0' ],
195 silly audit   '@typescript-eslint/tsconfig-utils': [ '8.54.0' ],
195 silly audit   '@typescript-eslint/type-utils': [ '8.54.0' ],
195 silly audit   '@typescript-eslint/types': [ '8.54.0' ],
195 silly audit   '@typescript-eslint/typescript-estree': [ '8.54.0' ],
195 silly audit   'brace-expansion': [ '2.0.2', '1.1.12' ],
195 silly audit   minimatch: [ '9.0.5', '3.1.2' ],
195 silly audit   semver: [ '7.7.3', '6.3.1' ],
195 silly audit   '@typescript-eslint/utils': [ '8.54.0' ],
195 silly audit   '@typescript-eslint/visitor-keys': [ '8.54.0' ],
195 silly audit   '@unrs/resolver-binding-darwin-arm64': [ '1.11.1' ],
195 silly audit   acorn: [ '8.15.0' ],
195 silly audit   'acorn-jsx': [ '5.3.2' ],
195 silly audit   ajv: [ '6.12.6' ],
195 silly audit   'ansi-styles': [ '4.3.0' ],
195 silly audit   argparse: [ '2.0.1' ],
195 silly audit   'aria-query': [ '5.3.2' ],
195 silly audit   'array-buffer-byte-length': [ '1.0.2' ],
195 silly audit   'array-includes': [ '3.1.9' ],
195 silly audit   'array.prototype.findlast': [ '1.2.5' ],
195 silly audit   'array.prototype.findlastindex': [ '1.2.6' ],
195 silly audit   'array.prototype.flat': [ '1.3.3' ],
195 silly audit   'array.prototype.flatmap': [ '1.3.3' ],
195 silly audit   'array.prototype.tosorted': [ '1.1.4' ],
195 silly audit   'arraybuffer.prototype.slice': [ '1.0.4' ],
195 silly audit   'ast-types-flow': [ '0.0.8' ],
195 silly audit   'async-function': [ '1.0.0' ],
195 silly audit   'available-typed-arrays': [ '1.0.7' ],
195 silly audit   'axe-core': [ '4.11.1' ],
195 silly audit   'axobject-query': [ '4.1.0' ],
195 silly audit   'balanced-match': [ '1.0.2' ],
195 silly audit   'baseline-browser-mapping': [ '2.9.19' ],
195 silly audit   braces: [ '3.0.3' ],
195 silly audit   browserslist: [ '4.28.1' ],
195 silly audit   'call-bind': [ '1.0.8' ],
195 silly audit   'call-bind-apply-helpers': [ '1.0.2' ],
195 silly audit   'call-bound': [ '1.0.4' ],
195 silly audit   callsites: [ '3.1.0' ],
195 silly audit   'caniuse-lite': [ '1.0.30001767' ],
195 silly audit   chalk: [ '4.1.2' ],
195 silly audit   'client-only': [ '0.0.1' ],
195 silly audit   'color-convert': [ '2.0.1' ],
195 silly audit   'color-name': [ '1.1.4' ],
195 silly audit   'concat-map': [ '0.0.1' ],
195 silly audit   'convert-source-map': [ '2.0.0' ],
195 silly audit   'cross-spawn': [ '7.0.6' ],
195 silly audit   csstype: [ '3.2.3' ],
195 silly audit   'damerau-levenshtein': [ '1.0.8' ],
195 silly audit   'data-view-buffer': [ '1.0.2' ],
195 silly audit   'data-view-byte-length': [ '1.0.2' ],
195 silly audit   'data-view-byte-offset': [ '1.0.1' ],
195 silly audit   debug: [ '4.4.3', '3.2.7' ],
195 silly audit   'deep-is': [ '0.1.4' ],
195 silly audit   'define-data-property': [ '1.1.4' ],
195 silly audit   'define-properties': [ '1.2.1' ],
195 silly audit   'detect-libc': [ '2.1.2' ],
195 silly audit   doctrine: [ '2.1.0' ],
195 silly audit   'dunder-proto': [ '1.0.1' ],
195 silly audit   'electron-to-chromium': [ '1.5.283' ],
195 silly audit   'emoji-regex': [ '9.2.2' ],
195 silly audit   'enhanced-resolve': [ '5.18.4' ],
195 silly audit   'es-abstract': [ '1.24.1' ],
195 silly audit   'es-define-property': [ '1.0.1' ],
195 silly audit   'es-errors': [ '1.3.0' ],
195 silly audit   'es-iterator-helpers': [ '1.2.2' ],
195 silly audit   'es-object-atoms': [ '1.1.1' ],
195 silly audit   'es-set-tostringtag': [ '2.1.0' ],
195 silly audit   'es-shim-unscopables': [ '1.1.0' ],
195 silly audit   'es-to-primitive': [ '1.3.0' ],
195 silly audit   escalade: [ '3.2.0' ],
195 silly audit   'escape-string-regexp': [ '4.0.0' ],
195 silly audit   eslint: [ '9.39.2' ],
195 silly audit   'eslint-config-next': [ '16.1.6' ],
195 silly audit   globals: [ '16.4.0', '14.0.0' ],
195 silly audit   'eslint-import-resolver-node': [ '0.3.9' ],
195 silly audit   'eslint-import-resolver-typescript': [ '3.10.1' ],
195 silly audit   'eslint-module-utils': [ '2.12.1' ],
195 silly audit   'eslint-plugin-import': [ '2.32.0' ],
195 silly audit   'eslint-plugin-jsx-a11y': [ '6.10.2' ],
195 silly audit   'eslint-plugin-react': [ '7.37.5' ],
195 silly audit   'eslint-plugin-react-hooks': [ '7.0.1' ],
195 silly audit   resolve: [ '2.0.0-next.5', '1.22.11' ],
195 silly audit   'eslint-scope': [ '8.4.0' ],
195 silly audit   espree: [ '10.4.0' ],
195 silly audit   esquery: [ '1.7.0' ],
195 silly audit   esrecurse: [ '4.3.0' ],
195 silly audit   estraverse: [ '5.3.0' ],
195 silly audit   esutils: [ '2.0.3' ],
195 silly audit   'fast-deep-equal': [ '3.1.3' ],
195 silly audit   'fast-glob': [ '3.3.1' ],
195 silly audit   'glob-parent': [ '5.1.2', '6.0.2' ],
195 silly audit   'fast-json-stable-stringify': [ '2.1.0' ],
195 silly audit   'fast-levenshtein': [ '2.0.6' ],
195 silly audit   fastq: [ '1.20.1' ],
195 silly audit   'file-entry-cache': [ '8.0.0' ],
195 silly audit   'fill-range': [ '7.1.1' ],
195 silly audit   'find-up': [ '5.0.0' ],
195 silly audit   'flat-cache': [ '4.0.1' ],
195 silly audit   flatted: [ '3.3.3' ],
195 silly audit   'for-each': [ '0.3.5' ],
195 silly audit   'function-bind': [ '1.1.2' ],
195 silly audit   'function.prototype.name': [ '1.1.8' ],
195 silly audit   'functions-have-names': [ '1.2.3' ],
195 silly audit   'generator-function': [ '2.0.1' ],
195 silly audit   gensync: [ '1.0.0-beta.2' ],
195 silly audit   'get-intrinsic': [ '1.3.0' ],
195 silly audit   'get-proto': [ '1.0.1' ],
195 silly audit   'get-symbol-description': [ '1.1.0' ],
195 silly audit   'get-tsconfig': [ '4.13.1' ],
195 silly audit   globalthis: [ '1.0.4' ],
195 silly audit   gopd: [ '1.2.0' ],
195 silly audit   'graceful-fs': [ '4.2.11' ],
195 silly audit   'has-bigints': [ '1.1.0' ],
195 silly audit   'has-flag': [ '4.0.0' ],
195 silly audit   'has-property-descriptors': [ '1.0.2' ],
195 silly audit   'has-proto': [ '1.2.0' ],
195 silly audit   'has-symbols': [ '1.1.0' ],
195 silly audit   'has-tostringtag': [ '1.0.2' ],
195 silly audit   hasown: [ '2.0.2' ],
195 silly audit   'hermes-estree': [ '0.25.1' ],
195 silly audit   'hermes-parser': [ '0.25.1' ],
195 silly audit   'import-fresh': [ '3.3.1' ],
195 silly audit   imurmurhash: [ '0.1.4' ],
195 silly audit   'internal-slot': [ '1.1.0' ],
195 silly audit   'is-array-buffer': [ '3.0.5' ],
195 silly audit   'is-async-function': [ '2.1.1' ],
195 silly audit   'is-bigint': [ '1.1.0' ],
195 silly audit   'is-boolean-object': [ '1.2.2' ],
195 silly audit   'is-bun-module': [ '2.0.0' ],
195 silly audit   'is-callable': [ '1.2.7' ],
195 silly audit   'is-core-module': [ '2.16.1' ],
195 silly audit   'is-data-view': [ '1.0.2' ],
195 silly audit   'is-date-object': [ '1.1.0' ],
195 silly audit   'is-extglob': [ '2.1.1' ],
195 silly audit   'is-finalizationregistry': [ '1.1.1' ],
195 silly audit   'is-generator-function': [ '1.1.2' ],
195 silly audit   'is-glob': [ '4.0.3' ],
195 silly audit   'is-map': [ '2.0.3' ],
195 silly audit   'is-negative-zero': [ '2.0.3' ],
195 silly audit   'is-number': [ '7.0.0' ],
195 silly audit   'is-number-object': [ '1.1.1' ],
195 silly audit   'is-regex': [ '1.2.1' ],
195 silly audit   'is-set': [ '2.0.3' ],
195 silly audit   'is-shared-array-buffer': [ '1.0.4' ],
195 silly audit   'is-string': [ '1.1.1' ],
195 silly audit   'is-symbol': [ '1.1.1' ],
195 silly audit   'is-typed-array': [ '1.1.15' ],
195 silly audit   'is-weakmap': [ '2.0.2' ],
195 silly audit   'is-weakref': [ '1.1.1' ],
195 silly audit   'is-weakset': [ '2.0.4' ],
195 silly audit   isarray: [ '2.0.5', '1.0.0' ],
195 silly audit   isexe: [ '2.0.0' ],
195 silly audit   'iterator.prototype': [ '1.1.5' ],
195 silly audit   jiti: [ '2.6.1' ],
195 silly audit   'js-tokens': [ '4.0.0' ],
195 silly audit   'js-yaml': [ '4.1.1' ],
195 silly audit   jsesc: [ '3.1.0' ],
195 silly audit   'json-buffer': [ '3.0.1' ],
195 silly audit   'json-schema-traverse': [ '0.4.1' ],
195 silly audit   'json-stable-stringify-without-jsonify': [ '1.0.1' ],
195 silly audit   json5: [ '2.2.3', '1.0.2' ],
195 silly audit   'jsx-ast-utils': [ '3.3.5' ],
195 silly audit   keyv: [ '4.5.4' ],
195 silly audit   'language-subtag-registry': [ '0.3.23' ],
195 silly audit   'language-tags': [ '1.0.9' ],
195 silly audit   levn: [ '0.4.1' ],
195 silly audit   lightningcss: [ '1.30.2' ],
195 silly audit   'lightningcss-darwin-arm64': [ '1.30.2' ],
195 silly audit   'lightningcss-android-arm64': [ '1.30.2' ],
195 silly audit   'lightningcss-darwin-x64': [ '1.30.2' ],
195 silly audit   'lightningcss-freebsd-x64': [ '1.30.2' ],
195 silly audit   'lightningcss-linux-arm-gnueabihf': [ '1.30.2' ],
195 silly audit   'lightningcss-linux-arm64-gnu': [ '1.30.2' ],
195 silly audit   'lightningcss-linux-arm64-musl': [ '1.30.2' ],
195 silly audit   'lightningcss-linux-x64-gnu': [ '1.30.2' ],
195 silly audit   'lightningcss-linux-x64-musl': [ '1.30.2' ],
195 silly audit   'lightningcss-win32-arm64-msvc': [ '1.30.2' ],
195 silly audit   'lightningcss-win32-x64-msvc': [ '1.30.2' ],
195 silly audit   'locate-path': [ '6.0.0' ],
195 silly audit   'lodash.merge': [ '4.6.2' ],
195 silly audit   'loose-envify': [ '1.4.0' ],
195 silly audit   'lru-cache': [ '5.1.1' ],
195 silly audit   'magic-string': [ '0.30.21' ],
195 silly audit   'math-intrinsics': [ '1.1.0' ],
195 silly audit   merge2: [ '1.4.1' ],
195 silly audit   micromatch: [ '4.0.8' ],
195 silly audit   minimist: [ '1.2.8' ],
195 silly audit   ms: [ '2.1.3' ],
195 silly audit   nanoid: [ '3.3.11' ],
195 silly audit   'napi-postinstall': [ '0.3.4' ],
195 silly audit   'natural-compare': [ '1.4.0' ],
195 silly audit   next: [ '16.1.6' ],
195 silly audit   postcss: [ '8.4.31', '8.5.6' ],
195 silly audit   'node-releases': [ '2.0.27' ],
195 silly audit   'object-assign': [ '4.1.1' ],
195 silly audit   'object-inspect': [ '1.13.4' ],
195 silly audit   'object-keys': [ '1.1.1' ],
195 silly audit   'object.assign': [ '4.1.7' ],
195 silly audit   'object.entries': [ '1.1.9' ],
195 silly audit   'object.fromentries': [ '2.0.8' ],
195 silly audit   'object.groupby': [ '1.0.3' ],
195 silly audit   'object.values': [ '1.2.1' ],
195 silly audit   optionator: [ '0.9.4' ],
195 silly audit   'own-keys': [ '1.0.1' ],
195 silly audit   'p-limit': [ '3.1.0' ],
195 silly audit   'p-locate': [ '5.0.0' ],
195 silly audit   'parent-module': [ '1.0.1' ],
195 silly audit   'path-exists': [ '4.0.0' ],
195 silly audit   'path-key': [ '3.1.1' ],
195 silly audit   'path-parse': [ '1.0.7' ],
195 silly audit   picocolors: [ '1.1.1' ],
195 silly audit   picomatch: [ '2.3.1', '4.0.3' ],
195 silly audit   'possible-typed-array-names': [ '1.1.0' ],
195 silly audit   'prelude-ls': [ '1.2.1' ],
195 silly audit   'prop-types': [ '15.8.1' ],
195 silly audit   punycode: [ '2.3.1' ],
195 silly audit   'queue-microtask': [ '1.2.3' ],
195 silly audit   react: [ '19.2.3' ],
195 silly audit   'react-dom': [ '19.2.3' ],
195 silly audit   'react-is': [ '16.13.1' ],
195 silly audit   'reflect.getprototypeof': [ '1.0.10' ],
195 silly audit   'regexp.prototype.flags': [ '1.5.4' ],
195 silly audit   'resolve-from': [ '4.0.0' ],
195 silly audit   'resolve-pkg-maps': [ '1.0.0' ],
195 silly audit   reusify: [ '1.1.0' ],
195 silly audit   'run-parallel': [ '1.2.0' ],
195 silly audit   'safe-array-concat': [ '1.1.3' ],
195 silly audit   'safe-push-apply': [ '1.0.0' ],
195 silly audit   'safe-regex-test': [ '1.1.0' ],
195 silly audit   scheduler: [ '0.27.0' ],
195 silly audit   'set-function-length': [ '1.2.2' ],
195 silly audit   'set-function-name': [ '2.0.2' ],
195 silly audit   'set-proto': [ '1.0.0' ],
195 silly audit   sharp: [ '0.34.5' ],
195 silly audit   '@img/sharp-darwin-x64': [ '0.34.5' ],
195 silly audit   '@img/sharp-libvips-darwin-x64': [ '1.2.4' ],
195 silly audit   '@img/sharp-libvips-linux-arm': [ '1.2.4' ],
195 silly audit   '@img/sharp-libvips-linux-arm64': [ '1.2.4' ],
195 silly audit   '@img/sharp-libvips-linux-ppc64': [ '1.2.4' ],
195 silly audit   '@img/sharp-libvips-linux-riscv64': [ '1.2.4' ],
195 silly audit   '@img/sharp-libvips-linux-s390x': [ '1.2.4' ],
195 silly audit   '@img/sharp-libvips-linux-x64': [ '1.2.4' ],
195 silly audit   '@img/sharp-libvips-linuxmusl-arm64': [ '1.2.4' ],
195 silly audit   '@img/sharp-libvips-linuxmusl-x64': [ '1.2.4' ],
195 silly audit   '@img/sharp-linux-arm': [ '0.34.5' ],
195 silly audit   '@img/sharp-linux-arm64': [ '0.34.5' ],
195 silly audit   '@img/sharp-linux-ppc64': [ '0.34.5' ],
195 silly audit   '@img/sharp-linux-riscv64': [ '0.34.5' ],
195 silly audit   '@img/sharp-linux-s390x': [ '0.34.5' ],
195 silly audit   '@img/sharp-linux-x64': [ '0.34.5' ],
195 silly audit   '@img/sharp-linuxmusl-arm64': [ '0.34.5' ],
195 silly audit   '@img/sharp-linuxmusl-x64': [ '0.34.5' ],
195 silly audit   '@img/sharp-wasm32': [ '0.34.5' ],
195 silly audit   '@img/sharp-win32-arm64': [ '0.34.5' ],
195 silly audit   '@img/sharp-win32-ia32': [ '0.34.5' ],
195 silly audit   '@img/sharp-win32-x64': [ '0.34.5' ],
195 silly audit   'shebang-command': [ '2.0.0' ],
195 silly audit   'shebang-regex': [ '3.0.0' ],
195 silly audit   'side-channel': [ '1.1.0' ],
195 silly audit   'side-channel-list': [ '1.0.0' ],
195 silly audit   'side-channel-map': [ '1.0.1' ],
195 silly audit   'side-channel-weakmap': [ '1.0.2' ],
195 silly audit   'source-map-js': [ '1.2.1' ],
195 silly audit   'stable-hash': [ '0.0.5' ],
195 silly audit   'stop-iteration-iterator': [ '1.1.0' ],
195 silly audit   'string.prototype.includes': [ '2.0.1' ],
195 silly audit   'string.prototype.matchall': [ '4.0.12' ],
195 silly audit   'string.prototype.repeat': [ '1.0.0' ],
195 silly audit   'string.prototype.trim': [ '1.2.10' ],
195 silly audit   'string.prototype.trimend': [ '1.0.9' ],
195 silly audit   'string.prototype.trimstart': [ '1.0.8' ],
195 silly audit   'strip-bom': [ '3.0.0' ],
195 silly audit   'strip-json-comments': [ '3.1.1' ],
195 silly audit   'styled-jsx': [ '5.1.6' ],
195 silly audit   'supports-color': [ '7.2.0' ],
195 silly audit   'supports-preserve-symlinks-flag': [ '1.0.0' ],
195 silly audit   tailwindcss: [ '4.1.18' ],
195 silly audit   tapable: [ '2.3.0' ],
195 silly audit   tinyglobby: [ '0.2.15' ],
195 silly audit   fdir: [ '6.5.0' ],
195 silly audit   'to-regex-range': [ '5.0.1' ],
195 silly audit   'ts-api-utils': [ '2.4.0' ],
195 silly audit   'tsconfig-paths': [ '3.15.0' ],
195 silly audit   tslib: [ '2.8.1' ],
195 silly audit   'type-check': [ '0.4.0' ],
195 silly audit   'typed-array-buffer': [ '1.0.3' ],
195 silly audit   'typed-array-byte-length': [ '1.0.3' ],
195 silly audit   'typed-array-byte-offset': [ '1.0.4' ],
195 silly audit   'typed-array-length': [ '1.0.7' ],
195 silly audit   typescript: [ '5.9.3' ],
195 silly audit   'typescript-eslint': [ '8.54.0' ],
195 silly audit   'unbox-primitive': [ '1.1.0' ],
195 silly audit   'undici-types': [ '6.21.0' ],
195 silly audit   'unrs-resolver': [ '1.11.1' ],
195 silly audit   '@unrs/resolver-binding-android-arm-eabi': [ '1.11.1' ],
195 silly audit   '@unrs/resolver-binding-android-arm64': [ '1.11.1' ],
195 silly audit   '@unrs/resolver-binding-darwin-x64': [ '1.11.1' ],
195 silly audit   '@unrs/resolver-binding-freebsd-x64': [ '1.11.1' ],
195 silly audit   '@unrs/resolver-binding-linux-arm-gnueabihf': [ '1.11.1' ],
195 silly audit   '@unrs/resolver-binding-linux-arm-musleabihf': [ '1.11.1' ],
195 silly audit   '@unrs/resolver-binding-linux-arm64-gnu': [ '1.11.1' ],
195 silly audit   '@unrs/resolver-binding-linux-arm64-musl': [ '1.11.1' ],
195 silly audit   '@unrs/resolver-binding-linux-ppc64-gnu': [ '1.11.1' ],
195 silly audit   '@unrs/resolver-binding-linux-riscv64-gnu': [ '1.11.1' ],
195 silly audit   '@unrs/resolver-binding-linux-riscv64-musl': [ '1.11.1' ],
195 silly audit   '@unrs/resolver-binding-linux-s390x-gnu': [ '1.11.1' ],
195 silly audit   '@unrs/resolver-binding-linux-x64-gnu': [ '1.11.1' ],
195 silly audit   '@unrs/resolver-binding-linux-x64-musl': [ '1.11.1' ],
195 silly audit   '@unrs/resolver-binding-wasm32-wasi': [ '1.11.1' ],
195 silly audit   '@unrs/resolver-binding-win32-arm64-msvc': [ '1.11.1' ],
195 silly audit   '@unrs/resolver-binding-win32-ia32-msvc': [ '1.11.1' ],
195 silly audit   '@unrs/resolver-binding-win32-x64-msvc': [ '1.11.1' ],
195 silly audit   'update-browserslist-db': [ '1.2.3' ],
195 silly audit   'uri-js': [ '4.4.1' ],
195 silly audit   which: [ '2.0.2' ],
195 silly audit   'which-boxed-primitive': [ '1.1.1' ],
195 silly audit   'which-builtin-type': [ '1.2.1' ],
195 silly audit   'which-collection': [ '1.0.2' ],
195 silly audit   'which-typed-array': [ '1.1.20' ],
195 silly audit   'word-wrap': [ '1.2.5' ],
195 silly audit   yallist: [ '3.1.1' ],
195 silly audit   'yocto-queue': [ '0.1.0' ],
195 silly audit   zod: [ '4.3.6' ],
195 silly audit   'zod-validation-error': [ '4.0.2' ],
195 silly audit   '@woocommerce/woocommerce-rest-api': [ '1.0.2' ],
195 silly audit   axios: [ '1.13.5' ],
195 silly audit   'create-hmac': [ '1.1.7' ],
195 silly audit   'oauth-1.0a': [ '2.2.6' ],
195 silly audit   'url-parse': [ '1.5.10' ],
195 silly audit   'follow-redirects': [ '1.15.11' ],
195 silly audit   'form-data': [ '4.0.5' ],
195 silly audit   'proxy-from-env': [ '1.1.0' ],
195 silly audit   'cipher-base': [ '1.0.7' ],
195 silly audit   'create-hash': [ '1.2.0' ],
195 silly audit   inherits: [ '2.0.4' ],
195 silly audit   ripemd160: [ '2.0.3' ],
195 silly audit   'safe-buffer': [ '5.2.1', '5.1.2' ],
195 silly audit   'sha.js': [ '2.4.12' ],
195 silly audit   'to-buffer': [ '1.2.2' ],
195 silly audit   'md5.js': [ '1.3.5' ],
195 silly audit   asynckit: [ '0.4.0' ],
195 silly audit   'combined-stream': [ '1.0.8' ],
195 silly audit   'mime-types': [ '2.1.35' ],
195 silly audit   'delayed-stream': [ '1.0.0' ],
195 silly audit   'hash-base': [ '3.1.2' ],
195 silly audit   'readable-stream': [ '2.3.8' ],
195 silly audit   'mime-db': [ '1.52.0' ],
195 silly audit   'core-util-is': [ '1.0.3' ],
195 silly audit   'process-nextick-args': [ '2.0.1' ],
195 silly audit   string_decoder: [ '1.1.1' ],
195 silly audit   'util-deprecate': [ '1.0.2' ],
195 silly audit   querystringify: [ '2.2.0' ],
195 silly audit   'requires-port': [ '1.0.0' ]
195 silly audit }
196 http cache requires-port@https://registry.npmjs.org/requires-port/-/requires-port-1.0.0.tgz 0ms (cache hit)
197 http cache util-deprecate@https://registry.npmjs.org/util-deprecate/-/util-deprecate-1.0.2.tgz 0ms (cache hit)
198 http cache string_decoder@https://registry.npmjs.org/string_decoder/-/string_decoder-1.1.1.tgz 0ms (cache hit)
199 http cache querystringify@https://registry.npmjs.org/querystringify/-/querystringify-2.2.0.tgz 0ms (cache hit)
200 http cache process-nextick-args@https://registry.npmjs.org/process-nextick-args/-/process-nextick-args-2.0.1.tgz 0ms (cache hit)
201 http cache readable-stream@https://registry.npmjs.org/readable-stream/-/readable-stream-2.3.8.tgz 0ms (cache hit)
202 http cache core-util-is@https://registry.npmjs.org/core-util-is/-/core-util-is-1.0.3.tgz 0ms (cache hit)
203 http cache hash-base@https://registry.npmjs.org/hash-base/-/hash-base-3.1.2.tgz 0ms (cache hit)
204 http cache delayed-stream@https://registry.npmjs.org/delayed-stream/-/delayed-stream-1.0.0.tgz 0ms (cache hit)
205 http cache mime-db@https://registry.npmjs.org/mime-db/-/mime-db-1.52.0.tgz 0ms (cache hit)
206 http cache mime-types@https://registry.npmjs.org/mime-types/-/mime-types-2.1.35.tgz 0ms (cache hit)
207 http cache combined-stream@https://registry.npmjs.org/combined-stream/-/combined-stream-1.0.8.tgz 0ms (cache hit)
208 http cache asynckit@https://registry.npmjs.org/asynckit/-/asynckit-0.4.0.tgz 0ms (cache hit)
209 http cache md5.js@https://registry.npmjs.org/md5.js/-/md5.js-1.3.5.tgz 0ms (cache hit)
210 http cache sha.js@https://registry.npmjs.org/sha.js/-/sha.js-2.4.12.tgz 0ms (cache hit)
211 http cache to-buffer@https://registry.npmjs.org/to-buffer/-/to-buffer-1.2.2.tgz 0ms (cache hit)
212 http cache safe-buffer@https://registry.npmjs.org/safe-buffer/-/safe-buffer-5.2.1.tgz 0ms (cache hit)
213 http cache inherits@https://registry.npmjs.org/inherits/-/inherits-2.0.4.tgz 0ms (cache hit)
214 http cache ripemd160@https://registry.npmjs.org/ripemd160/-/ripemd160-2.0.3.tgz 0ms (cache hit)
215 http cache create-hash@https://registry.npmjs.org/create-hash/-/create-hash-1.2.0.tgz 0ms (cache hit)
216 http cache cipher-base@https://registry.npmjs.org/cipher-base/-/cipher-base-1.0.7.tgz 0ms (cache hit)
217 http cache form-data@https://registry.npmjs.org/form-data/-/form-data-4.0.5.tgz 0ms (cache hit)
218 http cache proxy-from-env@https://registry.npmjs.org/proxy-from-env/-/proxy-from-env-1.1.0.tgz 0ms (cache hit)
219 http cache follow-redirects@https://registry.npmjs.org/follow-redirects/-/follow-redirects-1.15.11.tgz 0ms (cache hit)
220 http cache url-parse@https://registry.npmjs.org/url-parse/-/url-parse-1.5.10.tgz 0ms (cache hit)
221 http cache oauth-1.0a@https://registry.npmjs.org/oauth-1.0a/-/oauth-1.0a-2.2.6.tgz 0ms (cache hit)
222 http cache create-hmac@https://registry.npmjs.org/create-hmac/-/create-hmac-1.1.7.tgz 0ms (cache hit)
223 http cache axios@https://registry.npmjs.org/axios/-/axios-1.13.5.tgz 0ms (cache hit)
224 http cache @woocommerce/woocommerce-rest-api@https://registry.npmjs.org/@woocommerce/woocommerce-rest-api/-/woocommerce-rest-api-1.0.2.tgz 0ms (cache hit)
225 http cache safe-buffer@https://registry.npmjs.org/safe-buffer/-/safe-buffer-5.1.2.tgz 0ms (cache hit)
226 http cache safe-buffer@https://registry.npmjs.org/safe-buffer/-/safe-buffer-5.1.2.tgz 0ms (cache hit)
227 http cache isarray@https://registry.npmjs.org/isarray/-/isarray-1.0.0.tgz 0ms (cache hit)
228 silly tarball no local data for requires-port@https://registry.npmjs.org/requires-port/-/requires-port-1.0.0.tgz. Extracting by manifest.
229 silly tarball no local data for util-deprecate@https://registry.npmjs.org/util-deprecate/-/util-deprecate-1.0.2.tgz. Extracting by manifest.
230 silly tarball no local data for string_decoder@https://registry.npmjs.org/string_decoder/-/string_decoder-1.1.1.tgz. Extracting by manifest.
231 silly tarball no local data for querystringify@https://registry.npmjs.org/querystringify/-/querystringify-2.2.0.tgz. Extracting by manifest.
232 silly tarball no local data for process-nextick-args@https://registry.npmjs.org/process-nextick-args/-/process-nextick-args-2.0.1.tgz. Extracting by manifest.
233 silly tarball no local data for readable-stream@https://registry.npmjs.org/readable-stream/-/readable-stream-2.3.8.tgz. Extracting by manifest.
234 silly tarball no local data for core-util-is@https://registry.npmjs.org/core-util-is/-/core-util-is-1.0.3.tgz. Extracting by manifest.
235 silly tarball no local data for hash-base@https://registry.npmjs.org/hash-base/-/hash-base-3.1.2.tgz. Extracting by manifest.
236 silly tarball no local data for delayed-stream@https://registry.npmjs.org/delayed-stream/-/delayed-stream-1.0.0.tgz. Extracting by manifest.
237 silly tarball no local data for mime-db@https://registry.npmjs.org/mime-db/-/mime-db-1.52.0.tgz. Extracting by manifest.
238 silly tarball no local data for mime-types@https://registry.npmjs.org/mime-types/-/mime-types-2.1.35.tgz. Extracting by manifest.
239 silly tarball no local data for combined-stream@https://registry.npmjs.org/combined-stream/-/combined-stream-1.0.8.tgz. Extracting by manifest.
240 silly tarball no local data for asynckit@https://registry.npmjs.org/asynckit/-/asynckit-0.4.0.tgz. Extracting by manifest.
241 silly tarball no local data for md5.js@https://registry.npmjs.org/md5.js/-/md5.js-1.3.5.tgz. Extracting by manifest.
242 silly tarball no local data for sha.js@https://registry.npmjs.org/sha.js/-/sha.js-2.4.12.tgz. Extracting by manifest.
243 silly tarball no local data for to-buffer@https://registry.npmjs.org/to-buffer/-/to-buffer-1.2.2.tgz. Extracting by manifest.
244 silly tarball no local data for safe-buffer@https://registry.npmjs.org/safe-buffer/-/safe-buffer-5.2.1.tgz. Extracting by manifest.
245 silly tarball no local data for inherits@https://registry.npmjs.org/inherits/-/inherits-2.0.4.tgz. Extracting by manifest.
246 silly tarball no local data for ripemd160@https://registry.npmjs.org/ripemd160/-/ripemd160-2.0.3.tgz. Extracting by manifest.
247 silly tarball no local data for create-hash@https://registry.npmjs.org/create-hash/-/create-hash-1.2.0.tgz. Extracting by manifest.
248 silly tarball no local data for cipher-base@https://registry.npmjs.org/cipher-base/-/cipher-base-1.0.7.tgz. Extracting by manifest.
249 silly tarball no local data for form-data@https://registry.npmjs.org/form-data/-/form-data-4.0.5.tgz. Extracting by manifest.
250 silly tarball no local data for proxy-from-env@https://registry.npmjs.org/proxy-from-env/-/proxy-from-env-1.1.0.tgz. Extracting by manifest.
251 silly tarball no local data for url-parse@https://registry.npmjs.org/url-parse/-/url-parse-1.5.10.tgz. Extracting by manifest.
252 silly tarball no local data for oauth-1.0a@https://registry.npmjs.org/oauth-1.0a/-/oauth-1.0a-2.2.6.tgz. Extracting by manifest.
253 silly tarball no local data for create-hmac@https://registry.npmjs.org/create-hmac/-/create-hmac-1.1.7.tgz. Extracting by manifest.
254 silly tarball no local data for axios@https://registry.npmjs.org/axios/-/axios-1.13.5.tgz. Extracting by manifest.
255 silly tarball no local data for @woocommerce/woocommerce-rest-api@https://registry.npmjs.org/@woocommerce/woocommerce-rest-api/-/woocommerce-rest-api-1.0.2.tgz. Extracting by manifest.
256 silly tarball no local data for safe-buffer@https://registry.npmjs.org/safe-buffer/-/safe-buffer-5.1.2.tgz. Extracting by manifest.
257 silly tarball no local data for safe-buffer@https://registry.npmjs.org/safe-buffer/-/safe-buffer-5.1.2.tgz. Extracting by manifest.
258 silly tarball no local data for isarray@https://registry.npmjs.org/isarray/-/isarray-1.0.0.tgz. Extracting by manifest.
259 http fetch GET 200 https://registry.npmjs.org/process-nextick-args/-/process-nextick-args-2.0.1.tgz 71ms (cache miss)
260 http fetch GET 200 https://registry.npmjs.org/requires-port/-/requires-port-1.0.0.tgz 72ms (cache miss)
261 http fetch GET 200 https://registry.npmjs.org/string_decoder/-/string_decoder-1.1.1.tgz 72ms (cache miss)
262 http fetch GET 200 https://registry.npmjs.org/core-util-is/-/core-util-is-1.0.3.tgz 96ms (cache miss)
263 http fetch GET 200 https://registry.npmjs.org/util-deprecate/-/util-deprecate-1.0.2.tgz 98ms (cache miss)
264 http fetch GET 200 https://registry.npmjs.org/mime-db/-/mime-db-1.52.0.tgz 97ms (cache miss)
265 http fetch GET 200 https://registry.npmjs.org/to-buffer/-/to-buffer-1.2.2.tgz 180ms (cache miss)
266 http fetch GET 200 https://registry.npmjs.org/safe-buffer/-/safe-buffer-5.2.1.tgz 181ms (cache miss)
267 http fetch GET 200 https://registry.npmjs.org/ripemd160/-/ripemd160-2.0.3.tgz 182ms (cache miss)
268 http fetch GET 200 https://registry.npmjs.org/inherits/-/inherits-2.0.4.tgz 183ms (cache miss)
269 http fetch GET 200 https://registry.npmjs.org/sha.js/-/sha.js-2.4.12.tgz 187ms (cache miss)
270 http fetch GET 200 https://registry.npmjs.org/create-hash/-/create-hash-1.2.0.tgz 186ms (cache miss)
271 http fetch GET 200 https://registry.npmjs.org/delayed-stream/-/delayed-stream-1.0.0.tgz 204ms (cache miss)
272 http fetch GET 200 https://registry.npmjs.org/querystringify/-/querystringify-2.2.0.tgz 205ms (cache miss)
273 http fetch GET 200 https://registry.npmjs.org/combined-stream/-/combined-stream-1.0.8.tgz 219ms (cache miss)
274 http fetch GET 200 https://registry.npmjs.org/form-data/-/form-data-4.0.5.tgz 344ms (cache miss)
275 http fetch GET 200 https://registry.npmjs.org/proxy-from-env/-/proxy-from-env-1.1.0.tgz 344ms (cache miss)
276 http fetch GET 200 https://registry.npmjs.org/url-parse/-/url-parse-1.5.10.tgz 347ms (cache miss)
277 http fetch GET 200 https://registry.npmjs.org/cipher-base/-/cipher-base-1.0.7.tgz 348ms (cache miss)
278 http fetch POST 200 https://registry.npmjs.org/-/npm/v1/security/advisories/bulk 360ms
279 silly audit report {}
280 http fetch GET 200 https://registry.npmjs.org/md5.js/-/md5.js-1.3.5.tgz 351ms (cache miss)
281 http fetch GET 200 https://registry.npmjs.org/create-hmac/-/create-hmac-1.1.7.tgz 419ms (cache miss)
282 http fetch GET 200 https://registry.npmjs.org/hash-base/-/hash-base-3.1.2.tgz 422ms (cache miss)
283 http fetch GET 200 https://registry.npmjs.org/safe-buffer/-/safe-buffer-5.1.2.tgz 420ms (cache miss)
284 http fetch GET 200 https://registry.npmjs.org/oauth-1.0a/-/oauth-1.0a-2.2.6.tgz 422ms (cache miss)
285 http fetch GET 200 https://registry.npmjs.org/safe-buffer/-/safe-buffer-5.1.2.tgz 443ms (cache miss)
286 http fetch GET 200 https://registry.npmjs.org/isarray/-/isarray-1.0.0.tgz 444ms (cache miss)
287 http fetch GET 200 https://registry.npmjs.org/mime-types/-/mime-types-2.1.35.tgz 447ms (cache miss)
288 http fetch GET 200 https://registry.npmjs.org/asynckit/-/asynckit-0.4.0.tgz 448ms (cache miss)
289 http fetch GET 200 https://registry.npmjs.org/readable-stream/-/readable-stream-2.3.8.tgz 449ms (cache miss)
290 http fetch GET 200 https://registry.npmjs.org/@woocommerce/woocommerce-rest-api/-/woocommerce-rest-api-1.0.2.tgz 1466ms (cache miss)
291 http fetch GET 200 https://registry.npmjs.org/axios/-/axios-1.13.5.tgz 1701ms (cache miss)
292 silly ADD node_modules/requires-port
293 silly ADD node_modules/querystringify
294 silly ADD node_modules/util-deprecate
295 silly ADD node_modules/string_decoder
296 silly ADD node_modules/string_decoder/node_modules/safe-buffer
297 silly ADD node_modules/process-nextick-args
298 silly ADD node_modules/core-util-is
299 silly ADD node_modules/mime-db
300 silly ADD node_modules/readable-stream
301 silly ADD node_modules/readable-stream/node_modules/safe-buffer
302 silly ADD node_modules/readable-stream/node_modules/isarray
303 silly ADD node_modules/hash-base
304 silly ADD node_modules/delayed-stream
305 silly ADD node_modules/mime-types
306 silly ADD node_modules/combined-stream
307 silly ADD node_modules/asynckit
308 silly ADD node_modules/md5.js
309 silly ADD node_modules/to-buffer
310 silly ADD node_modules/sha.js
311 silly ADD node_modules/safe-buffer
312 silly ADD node_modules/ripemd160
313 silly ADD node_modules/inherits
314 silly ADD node_modules/create-hash
315 silly ADD node_modules/cipher-base
316 silly ADD node_modules/proxy-from-env
317 silly ADD node_modules/form-data
318 silly ADD node_modules/follow-redirects
319 silly ADD node_modules/url-parse
320 silly ADD node_modules/oauth-1.0a
321 silly ADD node_modules/create-hmac
322 silly ADD node_modules/axios
323 silly ADD node_modules/@woocommerce/woocommerce-rest-api
324 verbose cwd /Users/arjunss/Ai Bot/apps/web
325 verbose os Darwin 25.2.0
326 verbose node v22.19.0
327 verbose npm  v11.6.0
328 verbose exit 0
329 info ok
