0 verbose cli /usr/local/bin/node /Users/arjunss/.npm-global/bin/npm
1 info using npm@11.6.0
2 info using node@v22.19.0
3 silly config load:file:/Users/arjunss/.npm-global/lib/node_modules/npm/npmrc
4 silly config load:file:/Users/arjunss/Ai Bot/apps/web/.npmrc
5 silly config load:file:/Users/arjunss/.npmrc
6 silly config load:file:/Users/arjunss/.npm-global/etc/npmrc
7 verbose title npm install @google/generative-ai
8 verbose argv "install" "@google/generative-ai" "--cache" "/Users/arjunss/Ai Bot/.npm-cache"
9 verbose logfile logs-max:10 dir:/Users/arjunss/Ai Bot/.npm-cache/_logs/2026-02-14T07_39_00_754Z-
10 verbose logfile /Users/arjunss/Ai Bot/.npm-cache/_logs/2026-02-14T07_39_00_754Z-debug-0.log
11 silly logfile done cleaning log files
12 silly packumentCache heap:4345298944 maxSize:1086324736 maxEntrySize:543162368
13 silly idealTree buildDeps
14 silly fetch manifest @google/generative-ai@*
15 silly packumentCache full:https://registry.npmjs.org/@google%2fgenerative-ai cache-miss
16 verbose shrinkwrap failed to load node_modules/.package-lock.json missing from node_modules: node_modules/@img/sharp-darwin-x64
17 http fetch GET 200 https://registry.npmjs.org/npm 502ms
18 http fetch GET 200 https://registry.npmjs.org/@google%2fgenerative-ai 463ms (cache miss)
19 silly packumentCache full:https://registry.npmjs.org/@google%2fgenerative-ai set size:undefined disposed:false
20 silly placeDep ROOT @google/generative-ai@0.24.1 OK for: web@0.1.0 want: *
21 silly fetch manifest @img/sharp-darwin-x64@0.34.5
22 silly packumentCache full:https://registry.npmjs.org/@img%2fsharp-darwin-x64 cache-miss
23 http fetch GET 200 https://registry.npmjs.org/@img%2fsharp-darwin-x64 67ms (cache revalidated)
24 silly packumentCache full:https://registry.npmjs.org/@img%2fsharp-darwin-x64 set size:65222 disposed:false
25 silly fetch manifest @img/sharp-libvips-darwin-x64@1.2.4
26 silly packumentCache full:https://registry.npmjs.org/@img%2fsharp-libvips-darwin-x64 cache-miss
27 http fetch GET 200 https://registry.npmjs.org/@img%2fsharp-libvips-darwin-x64 925ms (cache revalidated)
28 silly packumentCache full:https://registry.npmjs.org/@img%2fsharp-libvips-darwin-x64 set size:51923 disposed:false
29 silly fetch manifest @img/sharp-libvips-linux-arm@1.2.4
30 silly packumentCache full:https://registry.npmjs.org/@img%2fsharp-libvips-linux-arm cache-miss
31 http fetch GET 200 https://registry.npmjs.org/@img%2fsharp-libvips-linux-arm 451ms (cache revalidated)
32 silly packumentCache full:https://registry.npmjs.org/@img%2fsharp-libvips-linux-arm set size:58624 disposed:false
33 silly fetch manifest @img/sharp-libvips-linux-arm64@1.2.4
34 silly packumentCache full:https://registry.npmjs.org/@img%2fsharp-libvips-linux-arm64 cache-miss
35 http fetch GET 200 https://registry.npmjs.org/@img%2fsharp-libvips-linux-arm64 690ms (cache revalidated)
36 silly packumentCache full:https://registry.npmjs.org/@img%2fsharp-libvips-linux-arm64 set size:55489 disposed:false
37 silly fetch manifest @img/sharp-libvips-linux-ppc64@1.2.4
38 silly packumentCache full:https://registry.npmjs.org/@img%2fsharp-libvips-linux-ppc64 cache-miss
39 http fetch GET 200 https://registry.npmjs.org/@img%2fsharp-libvips-linux-ppc64 1018ms (cache revalidated)
40 silly packumentCache full:https://registry.npmjs.org/@img%2fsharp-libvips-linux-ppc64 set size:42709 disposed:false
41 silly fetch manifest @img/sharp-libvips-linux-riscv64@1.2.4
42 silly packumentCache full:https://registry.npmjs.org/@img%2fsharp-libvips-linux-riscv64 cache-miss
43 http fetch GET 200 https://registry.npmjs.org/@img%2fsharp-libvips-linux-riscv64 1219ms (cache revalidated)
44 silly packumentCache full:https://registry.npmjs.org/@img%2fsharp-libvips-linux-riscv64 set size:28633 disposed:false
45 silly fetch manifest @img/sharp-libvips-linux-s390x@1.2.4
46 silly packumentCache full:https://registry.npmjs.org/@img%2fsharp-libvips-linux-s390x cache-miss
47 http fetch GET 200 https://registry.npmjs.org/@img%2fsharp-libvips-linux-s390x 212ms (cache revalidated)
48 silly packumentCache full:https://registry.npmjs.org/@img%2fsharp-libvips-linux-s390x set size:51696 disposed:false
49 silly fetch manifest @img/sharp-libvips-linux-x64@1.2.4
50 silly packumentCache full:https://registry.npmjs.org/@img%2fsharp-libvips-linux-x64 cache-miss
51 http fetch GET 200 https://registry.npmjs.org/@img%2fsharp-libvips-linux-x64 158ms (cache revalidated)
52 silly packumentCache full:https://registry.npmjs.org/@img%2fsharp-libvips-linux-x64 set size:56678 disposed:false
53 silly fetch manifest @img/sharp-libvips-linuxmusl-arm64@1.2.4
54 silly packumentCache full:https://registry.npmjs.org/@img%2fsharp-libvips-linuxmusl-arm64 cache-miss
55 http fetch GET 200 https://registry.npmjs.org/@img%2fsharp-libvips-linuxmusl-arm64 67ms (cache revalidated)
56 silly packumentCache full:https://registry.npmjs.org/@img%2fsharp-libvips-linuxmusl-arm64 set size:54314 disposed:false
57 silly fetch manifest @img/sharp-libvips-linuxmusl-x64@1.2.4
58 silly packumentCache full:https://registry.npmjs.org/@img%2fsharp-libvips-linuxmusl-x64 cache-miss
59 http fetch GET 200 https://registry.npmjs.org/@img%2fsharp-libvips-linuxmusl-x64 152ms (cache revalidated)
60 silly packumentCache full:https://registry.npmjs.org/@img%2fsharp-libvips-linuxmusl-x64 set size:53685 disposed:false
61 silly fetch manifest @img/sharp-linux-arm@0.34.5
62 silly packumentCache full:https://registry.npmjs.org/@img%2fsharp-linux-arm cache-miss
63 http fetch GET 200 https://registry.npmjs.org/@img%2fsharp-linux-arm 73ms (cache revalidated)
64 silly packumentCache full:https://registry.npmjs.org/@img%2fsharp-linux-arm set size:66643 disposed:false
65 silly fetch manifest @img/sharp-linux-arm64@0.34.5
66 silly packumentCache full:https://registry.npmjs.org/@img%2fsharp-linux-arm64 cache-miss
67 http fetch GET 200 https://registry.npmjs.org/@img%2fsharp-linux-arm64 126ms (cache revalidated)
68 silly packumentCache full:https://registry.npmjs.org/@img%2fsharp-linux-arm64 set size:67207 disposed:false
69 silly fetch manifest @img/sharp-linux-ppc64@0.34.5
70 silly packumentCache full:https://registry.npmjs.org/@img%2fsharp-linux-ppc64 cache-miss
71 http fetch GET 200 https://registry.npmjs.org/@img%2fsharp-linux-ppc64 65ms (cache revalidated)
72 silly packumentCache full:https://registry.npmjs.org/@img%2fsharp-linux-ppc64 set size:31912 disposed:false
73 silly fetch manifest @img/sharp-linux-riscv64@0.34.5
74 silly packumentCache full:https://registry.npmjs.org/@img%2fsharp-linux-riscv64 cache-miss
75 http fetch GET 200 https://registry.npmjs.org/@img%2fsharp-linux-riscv64 91ms (cache revalidated)
76 silly packumentCache full:https://registry.npmjs.org/@img%2fsharp-linux-riscv64 set size:8972 disposed:false
77 silly fetch manifest @img/sharp-linux-s390x@0.34.5
78 silly packumentCache full:https://registry.npmjs.org/@img%2fsharp-linux-s390x cache-miss
79 http fetch GET 200 https://registry.npmjs.org/@img%2fsharp-linux-s390x 102ms (cache revalidated)
80 silly packumentCache full:https://registry.npmjs.org/@img%2fsharp-linux-s390x set size:65172 disposed:false
81 silly fetch manifest @img/sharp-linux-x64@0.34.5
82 silly packumentCache full:https://registry.npmjs.org/@img%2fsharp-linux-x64 cache-miss
83 http fetch GET 200 https://registry.npmjs.org/@img%2fsharp-linux-x64 83ms (cache revalidated)
84 silly packumentCache full:https://registry.npmjs.org/@img%2fsharp-linux-x64 set size:66311 disposed:false
85 silly fetch manifest @img/sharp-linuxmusl-arm64@0.34.5
86 silly packumentCache full:https://registry.npmjs.org/@img%2fsharp-linuxmusl-arm64 cache-miss
87 http fetch GET 200 https://registry.npmjs.org/@img%2fsharp-linuxmusl-arm64 181ms (cache revalidated)
88 silly packumentCache full:https://registry.npmjs.org/@img%2fsharp-linuxmusl-arm64 set size:68298 disposed:false
89 silly fetch manifest @img/sharp-linuxmusl-x64@0.34.5
90 silly packumentCache full:https://registry.npmjs.org/@img%2fsharp-linuxmusl-x64 cache-miss
91 http fetch GET 200 https://registry.npmjs.org/@img%2fsharp-linuxmusl-x64 138ms (cache revalidated)
92 silly packumentCache full:https://registry.npmjs.org/@img%2fsharp-linuxmusl-x64 set size:67400 disposed:false
93 silly fetch manifest @img/sharp-wasm32@0.34.5
94 silly packumentCache full:https://registry.npmjs.org/@img%2fsharp-wasm32 cache-miss
95 http fetch GET 200 https://registry.npmjs.org/@img%2fsharp-wasm32 72ms (cache revalidated)
96 silly packumentCache full:https://registry.npmjs.org/@img%2fsharp-wasm32 set size:61337 disposed:false
97 silly fetch manifest @img/sharp-win32-arm64@0.34.5
98 silly packumentCache full:https://registry.npmjs.org/@img%2fsharp-win32-arm64 cache-miss
99 http fetch GET 200 https://registry.npmjs.org/@img%2fsharp-win32-arm64 114ms (cache revalidated)
100 silly packumentCache full:https://registry.npmjs.org/@img%2fsharp-win32-arm64 set size:23941 disposed:false
101 silly fetch manifest @img/sharp-win32-ia32@0.34.5
102 silly packumentCache full:https://registry.npmjs.org/@img%2fsharp-win32-ia32 cache-miss
103 http fetch GET 200 https://registry.npmjs.org/@img%2fsharp-win32-ia32 73ms (cache revalidated)
104 silly packumentCache full:https://registry.npmjs.org/@img%2fsharp-win32-ia32 set size:65002 disposed:false
105 silly fetch manifest @img/sharp-win32-x64@0.34.5
106 silly packumentCache full:https://registry.npmjs.org/@img%2fsharp-win32-x64 cache-miss
107 http fetch GET 200 https://registry.npmjs.org/@img%2fsharp-win32-x64 194ms (cache revalidated)
108 silly packumentCache full:https://registry.npmjs.org/@img%2fsharp-win32-x64 set size:64388 disposed:false
109 silly placeDep node_modules/sharp @img/sharp-darwin-x64@0.34.5 OK for: sharp@0.34.5 want: 0.34.5
110 silly placeDep node_modules/sharp @img/sharp-libvips-darwin-x64@1.2.4 OK for: sharp@0.34.5 want: 1.2.4
111 silly placeDep node_modules/sharp @img/sharp-libvips-linux-arm@1.2.4 OK for: sharp@0.34.5 want: 1.2.4
112 silly placeDep node_modules/sharp @img/sharp-libvips-linux-arm64@1.2.4 OK for: sharp@0.34.5 want: 1.2.4
113 silly placeDep node_modules/sharp @img/sharp-libvips-linux-ppc64@1.2.4 OK for: sharp@0.34.5 want: 1.2.4
114 silly placeDep node_modules/sharp @img/sharp-libvips-linux-riscv64@1.2.4 OK for: sharp@0.34.5 want: 1.2.4
115 silly placeDep node_modules/sharp @img/sharp-libvips-linux-s390x@1.2.4 OK for: sharp@0.34.5 want: 1.2.4
116 silly placeDep node_modules/sharp @img/sharp-libvips-linux-x64@1.2.4 OK for: sharp@0.34.5 want: 1.2.4
117 silly placeDep node_modules/sharp @img/sharp-libvips-linuxmusl-arm64@1.2.4 OK for: sharp@0.34.5 want: 1.2.4
118 silly placeDep node_modules/sharp @img/sharp-libvips-linuxmusl-x64@1.2.4 OK for: sharp@0.34.5 want: 1.2.4
119 silly placeDep node_modules/sharp @img/sharp-linux-arm@0.34.5 OK for: sharp@0.34.5 want: 0.34.5
120 silly placeDep node_modules/sharp @img/sharp-linux-arm64@0.34.5 OK for: sharp@0.34.5 want: 0.34.5
121 silly placeDep node_modules/sharp @img/sharp-linux-ppc64@0.34.5 OK for: sharp@0.34.5 want: 0.34.5
122 silly placeDep node_modules/sharp @img/sharp-linux-riscv64@0.34.5 OK for: sharp@0.34.5 want: 0.34.5
123 silly placeDep node_modules/sharp @img/sharp-linux-s390x@0.34.5 OK for: sharp@0.34.5 want: 0.34.5
124 silly placeDep node_modules/sharp @img/sharp-linux-x64@0.34.5 OK for: sharp@0.34.5 want: 0.34.5
125 silly placeDep node_modules/sharp @img/sharp-linuxmusl-arm64@0.34.5 OK for: sharp@0.34.5 want: 0.34.5
126 silly placeDep node_modules/sharp @img/sharp-linuxmusl-x64@0.34.5 OK for: sharp@0.34.5 want: 0.34.5
127 silly placeDep node_modules/sharp @img/sharp-wasm32@0.34.5 OK for: sharp@0.34.5 want: 0.34.5
128 silly placeDep node_modules/sharp @img/sharp-win32-arm64@0.34.5 OK for: sharp@0.34.5 want: 0.34.5
129 silly placeDep node_modules/sharp @img/sharp-win32-ia32@0.34.5 OK for: sharp@0.34.5 want: 0.34.5
130 silly placeDep node_modules/sharp @img/sharp-win32-x64@0.34.5 OK for: sharp@0.34.5 want: 0.34.5
131 silly reify moves {}
132 verbose reify failed optional dependency /Users/arjunss/Ai Bot/apps/web/node_modules/@tailwindcss/oxide/node_modules/@tailwindcss/oxide-wasm32-wasi
133 silly reify mark deleted [
133 silly reify   '/Users/arjunss/Ai Bot/apps/web/node_modules/@tailwindcss/oxide/node_modules/@tailwindcss/oxide-wasm32-wasi'
133 silly reify ]
134 silly audit bulk request {
134 silly audit   '@alloc/quick-lru': [ '5.2.0' ],
134 silly audit   '@babel/code-frame': [ '7.29.0' ],
134 silly audit   '@babel/compat-data': [ '7.29.0' ],
134 silly audit   '@babel/core': [ '7.29.0' ],
134 silly audit   '@babel/generator': [ '7.29.0' ],
134 silly audit   '@babel/helper-compilation-targets': [ '7.28.6' ],
134 silly audit   '@babel/helper-globals': [ '7.28.0' ],
134 silly audit   '@babel/helper-module-imports': [ '7.28.6' ],
134 silly audit   '@babel/helper-module-transforms': [ '7.28.6' ],
134 silly audit   '@babel/helper-string-parser': [ '7.27.1' ],
134 silly audit   '@babel/helper-validator-identifier': [ '7.28.5' ],
134 silly audit   '@babel/helper-validator-option': [ '7.27.1' ],
134 silly audit   '@babel/helpers': [ '7.28.6' ],
134 silly audit   '@babel/parser': [ '7.29.0' ],
134 silly audit   '@babel/template': [ '7.28.6' ],
134 silly audit   '@babel/traverse': [ '7.29.0' ],
134 silly audit   '@babel/types': [ '7.29.0' ],
134 silly audit   '@emnapi/core': [ '1.8.1' ],
134 silly audit   '@emnapi/runtime': [ '1.8.1' ],
134 silly audit   '@emnapi/wasi-threads': [ '1.1.0' ],
134 silly audit   '@eslint-community/eslint-utils': [ '4.9.1' ],
134 silly audit   'eslint-visitor-keys': [ '3.4.3', '4.2.1' ],
134 silly audit   '@eslint-community/regexpp': [ '4.12.2' ],
134 silly audit   '@eslint/config-array': [ '0.21.1' ],
134 silly audit   '@eslint/config-helpers': [ '0.4.2' ],
134 silly audit   '@eslint/core': [ '0.17.0' ],
134 silly audit   '@eslint/eslintrc': [ '3.3.3' ],
134 silly audit   '@eslint/js': [ '9.39.2' ],
134 silly audit   '@eslint/object-schema': [ '2.1.7' ],
134 silly audit   '@eslint/plugin-kit': [ '0.4.1' ],
134 silly audit   '@humanfs/core': [ '0.19.1' ],
134 silly audit   '@humanfs/node': [ '0.16.7' ],
134 silly audit   '@humanwhocodes/module-importer': [ '1.0.1' ],
134 silly audit   '@humanwhocodes/retry': [ '0.4.3' ],
134 silly audit   '@img/colour': [ '1.0.0' ],
134 silly audit   '@img/sharp-darwin-arm64': [ '0.34.5' ],
134 silly audit   '@img/sharp-darwin-x64': [ '0.34.5' ],
134 silly audit   '@img/sharp-libvips-darwin-arm64': [ '1.2.4' ],
134 silly audit   '@img/sharp-libvips-darwin-x64': [ '1.2.4' ],
134 silly audit   '@img/sharp-libvips-linux-arm': [ '1.2.4' ],
134 silly audit   '@img/sharp-libvips-linux-arm64': [ '1.2.4' ],
134 silly audit   '@img/sharp-libvips-linux-ppc64': [ '1.2.4' ],
134 silly audit   '@img/sharp-libvips-linux-riscv64': [ '1.2.4' ],
134 silly audit   '@img/sharp-libvips-linux-s390x': [ '1.2.4' ],
134 silly audit   '@img/sharp-libvips-linux-x64': [ '1.2.4' ],
134 silly audit   '@img/sharp-libvips-linuxmusl-arm64': [ '1.2.4' ],
134 silly audit   '@img/sharp-libvips-linuxmusl-x64': [ '1.2.4' ],
134 silly audit   '@img/sharp-linux-arm': [ '0.34.5' ],
134 silly audit   '@img/sharp-linux-arm64': [ '0.34.5' ],
134 silly audit   '@img/sharp-linux-ppc64': [ '0.34.5' ],
134 silly audit   '@img/sharp-linux-riscv64': [ '0.34.5' ],
134 silly audit   '@img/sharp-linux-s390x': [ '0.34.5' ],
134 silly audit   '@img/sharp-linux-x64': [ '0.34.5' ],
134 silly audit   '@img/sharp-linuxmusl-arm64': [ '0.34.5' ],
134 silly audit   '@img/sharp-linuxmusl-x64': [ '0.34.5' ],
134 silly audit   '@img/sharp-wasm32': [ '0.34.5' ],
134 silly audit   '@img/sharp-win32-arm64': [ '0.34.5' ],
134 silly audit   '@img/sharp-win32-ia32': [ '0.34.5' ],
134 silly audit   '@img/sharp-win32-x64': [ '0.34.5' ],
134 silly audit   '@jridgewell/gen-mapping': [ '0.3.13' ],
134 silly audit   '@jridgewell/remapping': [ '2.3.5' ],
134 silly audit   '@jridgewell/resolve-uri': [ '3.1.2' ],
134 silly audit   '@jridgewell/sourcemap-codec': [ '1.5.5' ],
134 silly audit   '@jridgewell/trace-mapping': [ '0.3.31' ],
134 silly audit   '@napi-rs/wasm-runtime': [ '0.2.12' ],
134 silly audit   '@next/env': [ '16.1.6' ],
134 silly audit   '@next/eslint-plugin-next': [ '16.1.6' ],
134 silly audit   '@next/swc-darwin-arm64': [ '16.1.6' ],
134 silly audit   '@next/swc-darwin-x64': [ '16.1.6' ],
134 silly audit   '@next/swc-linux-arm64-gnu': [ '16.1.6' ],
134 silly audit   '@next/swc-linux-arm64-musl': [ '16.1.6' ],
134 silly audit   '@next/swc-linux-x64-gnu': [ '16.1.6' ],
134 silly audit   '@next/swc-linux-x64-musl': [ '16.1.6' ],
134 silly audit   '@next/swc-win32-arm64-msvc': [ '16.1.6' ],
134 silly audit   '@next/swc-win32-x64-msvc': [ '16.1.6' ],
134 silly audit   '@nodelib/fs.scandir': [ '2.1.5' ],
134 silly audit   '@nodelib/fs.stat': [ '2.0.5' ],
134 silly audit   '@nodelib/fs.walk': [ '1.2.8' ],
134 silly audit   '@nolyfill/is-core-module': [ '1.0.39' ],
134 silly audit   '@rtsao/scc': [ '1.1.0' ],
134 silly audit   '@swc/helpers': [ '0.5.15' ],
134 silly audit   '@tailwindcss/node': [ '4.1.18' ],
134 silly audit   '@tailwindcss/oxide': [ '4.1.18' ],
134 silly audit   '@tailwindcss/oxide-darwin-arm64': [ '4.1.18' ],
134 silly audit   '@tailwindcss/oxide-android-arm64': [ '4.1.18' ],
134 silly audit   '@tailwindcss/oxide-darwin-x64': [ '4.1.18' ],
134 silly audit   '@tailwindcss/oxide-freebsd-x64': [ '4.1.18' ],
134 silly audit   '@tailwindcss/oxide-linux-arm-gnueabihf': [ '4.1.18' ],
134 silly audit   '@tailwindcss/oxide-linux-arm64-gnu': [ '4.1.18' ],
134 silly audit   '@tailwindcss/oxide-linux-arm64-musl': [ '4.1.18' ],
134 silly audit   '@tailwindcss/oxide-linux-x64-gnu': [ '4.1.18' ],
134 silly audit   '@tailwindcss/oxide-linux-x64-musl': [ '4.1.18' ],
134 silly audit   '@tailwindcss/oxide-win32-arm64-msvc': [ '4.1.18' ],
134 silly audit   '@tailwindcss/oxide-win32-x64-msvc': [ '4.1.18' ],
134 silly audit   '@tailwindcss/postcss': [ '4.1.18' ],
134 silly audit   '@tybys/wasm-util': [ '0.10.1' ],
134 silly audit   '@types/estree': [ '1.0.8' ],
134 silly audit   '@types/json-schema': [ '7.0.15' ],
134 silly audit   '@types/json5': [ '0.0.29' ],
134 silly audit   '@types/node': [ '20.19.30' ],
134 silly audit   '@types/react': [ '19.2.10' ],
134 silly audit   '@types/react-dom': [ '19.2.3' ],
134 silly audit   '@typescript-eslint/eslint-plugin': [ '8.54.0' ],
134 silly audit   ignore: [ '7.0.5', '5.3.2' ],
134 silly audit   '@typescript-eslint/parser': [ '8.54.0' ],
134 silly audit   '@typescript-eslint/project-service': [ '8.54.0' ],
134 silly audit   '@typescript-eslint/scope-manager': [ '8.54.0' ],
134 silly audit   '@typescript-eslint/tsconfig-utils': [ '8.54.0' ],
134 silly audit   '@typescript-eslint/type-utils': [ '8.54.0' ],
134 silly audit   '@typescript-eslint/types': [ '8.54.0' ],
134 silly audit   '@typescript-eslint/typescript-estree': [ '8.54.0' ],
134 silly audit   'brace-expansion': [ '2.0.2', '1.1.12' ],
134 silly audit   minimatch: [ '9.0.5', '3.1.2' ],
134 silly audit   semver: [ '7.7.3', '6.3.1' ],
134 silly audit   '@typescript-eslint/utils': [ '8.54.0' ],
134 silly audit   '@typescript-eslint/visitor-keys': [ '8.54.0' ],
134 silly audit   '@unrs/resolver-binding-darwin-arm64': [ '1.11.1' ],
134 silly audit   acorn: [ '8.15.0' ],
134 silly audit   'acorn-jsx': [ '5.3.2' ],
134 silly audit   ajv: [ '6.12.6' ],
134 silly audit   'ansi-styles': [ '4.3.0' ],
134 silly audit   argparse: [ '2.0.1' ],
134 silly audit   'aria-query': [ '5.3.2' ],
134 silly audit   'array-buffer-byte-length': [ '1.0.2' ],
134 silly audit   'array-includes': [ '3.1.9' ],
134 silly audit   'array.prototype.findlast': [ '1.2.5' ],
134 silly audit   'array.prototype.findlastindex': [ '1.2.6' ],
134 silly audit   'array.prototype.flat': [ '1.3.3' ],
134 silly audit   'array.prototype.flatmap': [ '1.3.3' ],
134 silly audit   'array.prototype.tosorted': [ '1.1.4' ],
134 silly audit   'arraybuffer.prototype.slice': [ '1.0.4' ],
134 silly audit   'ast-types-flow': [ '0.0.8' ],
134 silly audit   'async-function': [ '1.0.0' ],
134 silly audit   'available-typed-arrays': [ '1.0.7' ],
134 silly audit   'axe-core': [ '4.11.1' ],
134 silly audit   'axobject-query': [ '4.1.0' ],
134 silly audit   'balanced-match': [ '1.0.2' ],
134 silly audit   'baseline-browser-mapping': [ '2.9.19' ],
134 silly audit   braces: [ '3.0.3' ],
134 silly audit   browserslist: [ '4.28.1' ],
134 silly audit   'call-bind': [ '1.0.8' ],
134 silly audit   'call-bind-apply-helpers': [ '1.0.2' ],
134 silly audit   'call-bound': [ '1.0.4' ],
134 silly audit   callsites: [ '3.1.0' ],
134 silly audit   'caniuse-lite': [ '1.0.30001767' ],
134 silly audit   chalk: [ '4.1.2' ],
134 silly audit   'client-only': [ '0.0.1' ],
134 silly audit   'color-convert': [ '2.0.1' ],
134 silly audit   'color-name': [ '1.1.4' ],
134 silly audit   'concat-map': [ '0.0.1' ],
134 silly audit   'convert-source-map': [ '2.0.0' ],
134 silly audit   'cross-spawn': [ '7.0.6' ],
134 silly audit   csstype: [ '3.2.3' ],
134 silly audit   'damerau-levenshtein': [ '1.0.8' ],
134 silly audit   'data-view-buffer': [ '1.0.2' ],
134 silly audit   'data-view-byte-length': [ '1.0.2' ],
134 silly audit   'data-view-byte-offset': [ '1.0.1' ],
134 silly audit   debug: [ '4.4.3', '3.2.7' ],
134 silly audit   'deep-is': [ '0.1.4' ],
134 silly audit   'define-data-property': [ '1.1.4' ],
134 silly audit   'define-properties': [ '1.2.1' ],
134 silly audit   'detect-libc': [ '2.1.2' ],
134 silly audit   doctrine: [ '2.1.0' ],
134 silly audit   'dunder-proto': [ '1.0.1' ],
134 silly audit   'electron-to-chromium': [ '1.5.283' ],
134 silly audit   'emoji-regex': [ '9.2.2' ],
134 silly audit   'enhanced-resolve': [ '5.18.4' ],
134 silly audit   'es-abstract': [ '1.24.1' ],
134 silly audit   'es-define-property': [ '1.0.1' ],
134 silly audit   'es-errors': [ '1.3.0' ],
134 silly audit   'es-iterator-helpers': [ '1.2.2' ],
134 silly audit   'es-object-atoms': [ '1.1.1' ],
134 silly audit   'es-set-tostringtag': [ '2.1.0' ],
134 silly audit   'es-shim-unscopables': [ '1.1.0' ],
134 silly audit   'es-to-primitive': [ '1.3.0' ],
134 silly audit   escalade: [ '3.2.0' ],
134 silly audit   'escape-string-regexp': [ '4.0.0' ],
134 silly audit   eslint: [ '9.39.2' ],
134 silly audit   'eslint-config-next': [ '16.1.6' ],
134 silly audit   globals: [ '16.4.0', '14.0.0' ],
134 silly audit   'eslint-import-resolver-node': [ '0.3.9' ],
134 silly audit   'eslint-import-resolver-typescript': [ '3.10.1' ],
134 silly audit   'eslint-module-utils': [ '2.12.1' ],
134 silly audit   'eslint-plugin-import': [ '2.32.0' ],
134 silly audit   'eslint-plugin-jsx-a11y': [ '6.10.2' ],
134 silly audit   'eslint-plugin-react': [ '7.37.5' ],
134 silly audit   'eslint-plugin-react-hooks': [ '7.0.1' ],
134 silly audit   resolve: [ '2.0.0-next.5', '1.22.11' ],
134 silly audit   'eslint-scope': [ '8.4.0' ],
134 silly audit   espree: [ '10.4.0' ],
134 silly audit   esquery: [ '1.7.0' ],
134 silly audit   esrecurse: [ '4.3.0' ],
134 silly audit   estraverse: [ '5.3.0' ],
134 silly audit   esutils: [ '2.0.3' ],
134 silly audit   'fast-deep-equal': [ '3.1.3' ],
134 silly audit   'fast-glob': [ '3.3.1' ],
134 silly audit   'glob-parent': [ '5.1.2', '6.0.2' ],
134 silly audit   'fast-json-stable-stringify': [ '2.1.0' ],
134 silly audit   'fast-levenshtein': [ '2.0.6' ],
134 silly audit   fastq: [ '1.20.1' ],
134 silly audit   'file-entry-cache': [ '8.0.0' ],
134 silly audit   'fill-range': [ '7.1.1' ],
134 silly audit   'find-up': [ '5.0.0' ],
134 silly audit   'flat-cache': [ '4.0.1' ],
134 silly audit   flatted: [ '3.3.3' ],
134 silly audit   'for-each': [ '0.3.5' ],
134 silly audit   'function-bind': [ '1.1.2' ],
134 silly audit   'function.prototype.name': [ '1.1.8' ],
134 silly audit   'functions-have-names': [ '1.2.3' ],
134 silly audit   'generator-function': [ '2.0.1' ],
134 silly audit   gensync: [ '1.0.0-beta.2' ],
134 silly audit   'get-intrinsic': [ '1.3.0' ],
134 silly audit   'get-proto': [ '1.0.1' ],
134 silly audit   'get-symbol-description': [ '1.1.0' ],
134 silly audit   'get-tsconfig': [ '4.13.1' ],
134 silly audit   globalthis: [ '1.0.4' ],
134 silly audit   gopd: [ '1.2.0' ],
134 silly audit   'graceful-fs': [ '4.2.11' ],
134 silly audit   'has-bigints': [ '1.1.0' ],
134 silly audit   'has-flag': [ '4.0.0' ],
134 silly audit   'has-property-descriptors': [ '1.0.2' ],
134 silly audit   'has-proto': [ '1.2.0' ],
134 silly audit   'has-symbols': [ '1.1.0' ],
134 silly audit   'has-tostringtag': [ '1.0.2' ],
134 silly audit   hasown: [ '2.0.2' ],
134 silly audit   'hermes-estree': [ '0.25.1' ],
134 silly audit   'hermes-parser': [ '0.25.1' ],
134 silly audit   'import-fresh': [ '3.3.1' ],
134 silly audit   imurmurhash: [ '0.1.4' ],
134 silly audit   'internal-slot': [ '1.1.0' ],
134 silly audit   'is-array-buffer': [ '3.0.5' ],
134 silly audit   'is-async-function': [ '2.1.1' ],
134 silly audit   'is-bigint': [ '1.1.0' ],
134 silly audit   'is-boolean-object': [ '1.2.2' ],
134 silly audit   'is-bun-module': [ '2.0.0' ],
134 silly audit   'is-callable': [ '1.2.7' ],
134 silly audit   'is-core-module': [ '2.16.1' ],
134 silly audit   'is-data-view': [ '1.0.2' ],
134 silly audit   'is-date-object': [ '1.1.0' ],
134 silly audit   'is-extglob': [ '2.1.1' ],
134 silly audit   'is-finalizationregistry': [ '1.1.1' ],
134 silly audit   'is-generator-function': [ '1.1.2' ],
134 silly audit   'is-glob': [ '4.0.3' ],
134 silly audit   'is-map': [ '2.0.3' ],
134 silly audit   'is-negative-zero': [ '2.0.3' ],
134 silly audit   'is-number': [ '7.0.0' ],
134 silly audit   'is-number-object': [ '1.1.1' ],
134 silly audit   'is-regex': [ '1.2.1' ],
134 silly audit   'is-set': [ '2.0.3' ],
134 silly audit   'is-shared-array-buffer': [ '1.0.4' ],
134 silly audit   'is-string': [ '1.1.1' ],
134 silly audit   'is-symbol': [ '1.1.1' ],
134 silly audit   'is-typed-array': [ '1.1.15' ],
134 silly audit   'is-weakmap': [ '2.0.2' ],
134 silly audit   'is-weakref': [ '1.1.1' ],
134 silly audit   'is-weakset': [ '2.0.4' ],
134 silly audit   isarray: [ '2.0.5' ],
134 silly audit   isexe: [ '2.0.0' ],
134 silly audit   'iterator.prototype': [ '1.1.5' ],
134 silly audit   jiti: [ '2.6.1' ],
134 silly audit   'js-tokens': [ '4.0.0' ],
134 silly audit   'js-yaml': [ '4.1.1' ],
134 silly audit   jsesc: [ '3.1.0' ],
134 silly audit   'json-buffer': [ '3.0.1' ],
134 silly audit   'json-schema-traverse': [ '0.4.1' ],
134 silly audit   'json-stable-stringify-without-jsonify': [ '1.0.1' ],
134 silly audit   json5: [ '2.2.3', '1.0.2' ],
134 silly audit   'jsx-ast-utils': [ '3.3.5' ],
134 silly audit   keyv: [ '4.5.4' ],
134 silly audit   'language-subtag-registry': [ '0.3.23' ],
134 silly audit   'language-tags': [ '1.0.9' ],
134 silly audit   levn: [ '0.4.1' ],
134 silly audit   lightningcss: [ '1.30.2' ],
134 silly audit   'lightningcss-darwin-arm64': [ '1.30.2' ],
134 silly audit   'lightningcss-android-arm64': [ '1.30.2' ],
134 silly audit   'lightningcss-darwin-x64': [ '1.30.2' ],
134 silly audit   'lightningcss-freebsd-x64': [ '1.30.2' ],
134 silly audit   'lightningcss-linux-arm-gnueabihf': [ '1.30.2' ],
134 silly audit   'lightningcss-linux-arm64-gnu': [ '1.30.2' ],
134 silly audit   'lightningcss-linux-arm64-musl': [ '1.30.2' ],
134 silly audit   'lightningcss-linux-x64-gnu': [ '1.30.2' ],
134 silly audit   'lightningcss-linux-x64-musl': [ '1.30.2' ],
134 silly audit   'lightningcss-win32-arm64-msvc': [ '1.30.2' ],
134 silly audit   'lightningcss-win32-x64-msvc': [ '1.30.2' ],
134 silly audit   'locate-path': [ '6.0.0' ],
134 silly audit   'lodash.merge': [ '4.6.2' ],
134 silly audit   'loose-envify': [ '1.4.0' ],
134 silly audit   'lru-cache': [ '5.1.1' ],
134 silly audit   'magic-string': [ '0.30.21' ],
134 silly audit   'math-intrinsics': [ '1.1.0' ],
134 silly audit   merge2: [ '1.4.1' ],
134 silly audit   micromatch: [ '4.0.8' ],
134 silly audit   minimist: [ '1.2.8' ],
134 silly audit   ms: [ '2.1.3' ],
134 silly audit   nanoid: [ '3.3.11' ],
134 silly audit   'napi-postinstall': [ '0.3.4' ],
134 silly audit   'natural-compare': [ '1.4.0' ],
134 silly audit   next: [ '16.1.6' ],
134 silly audit   postcss: [ '8.4.31', '8.5.6' ],
134 silly audit   'node-releases': [ '2.0.27' ],
134 silly audit   'object-assign': [ '4.1.1' ],
134 silly audit   'object-inspect': [ '1.13.4' ],
134 silly audit   'object-keys': [ '1.1.1' ],
134 silly audit   'object.assign': [ '4.1.7' ],
134 silly audit   'object.entries': [ '1.1.9' ],
134 silly audit   'object.fromentries': [ '2.0.8' ],
134 silly audit   'object.groupby': [ '1.0.3' ],
134 silly audit   'object.values': [ '1.2.1' ],
134 silly audit   optionator: [ '0.9.4' ],
134 silly audit   'own-keys': [ '1.0.1' ],
134 silly audit   'p-limit': [ '3.1.0' ],
134 silly audit   'p-locate': [ '5.0.0' ],
134 silly audit   'parent-module': [ '1.0.1' ],
134 silly audit   'path-exists': [ '4.0.0' ],
134 silly audit   'path-key': [ '3.1.1' ],
134 silly audit   'path-parse': [ '1.0.7' ],
134 silly audit   picocolors: [ '1.1.1' ],
134 silly audit   picomatch: [ '2.3.1', '4.0.3' ],
134 silly audit   'possible-typed-array-names': [ '1.1.0' ],
134 silly audit   'prelude-ls': [ '1.2.1' ],
134 silly audit   'prop-types': [ '15.8.1' ],
134 silly audit   punycode: [ '2.3.1' ],
134 silly audit   'queue-microtask': [ '1.2.3' ],
134 silly audit   react: [ '19.2.3' ],
134 silly audit   'react-dom': [ '19.2.3' ],
134 silly audit   'react-is': [ '16.13.1' ],
134 silly audit   'reflect.getprototypeof': [ '1.0.10' ],
134 silly audit   'regexp.prototype.flags': [ '1.5.4' ],
134 silly audit   'resolve-from': [ '4.0.0' ],
134 silly audit   'resolve-pkg-maps': [ '1.0.0' ],
134 silly audit   reusify: [ '1.1.0' ],
134 silly audit   'run-parallel': [ '1.2.0' ],
134 silly audit   'safe-array-concat': [ '1.1.3' ],
134 silly audit   'safe-push-apply': [ '1.0.0' ],
134 silly audit   'safe-regex-test': [ '1.1.0' ],
134 silly audit   scheduler: [ '0.27.0' ],
134 silly audit   'set-function-length': [ '1.2.2' ],
134 silly audit   'set-function-name': [ '2.0.2' ],
134 silly audit   'set-proto': [ '1.0.0' ],
134 silly audit   sharp: [ '0.34.5' ],
134 silly audit   'shebang-command': [ '2.0.0' ],
134 silly audit   'shebang-regex': [ '3.0.0' ],
134 silly audit   'side-channel': [ '1.1.0' ],
134 silly audit   'side-channel-list': [ '1.0.0' ],
134 silly audit   'side-channel-map': [ '1.0.1' ],
134 silly audit   'side-channel-weakmap': [ '1.0.2' ],
134 silly audit   'source-map-js': [ '1.2.1' ],
134 silly audit   'stable-hash': [ '0.0.5' ],
134 silly audit   'stop-iteration-iterator': [ '1.1.0' ],
134 silly audit   'string.prototype.includes': [ '2.0.1' ],
134 silly audit   'string.prototype.matchall': [ '4.0.12' ],
134 silly audit   'string.prototype.repeat': [ '1.0.0' ],
134 silly audit   'string.prototype.trim': [ '1.2.10' ],
134 silly audit   'string.prototype.trimend': [ '1.0.9' ],
134 silly audit   'string.prototype.trimstart': [ '1.0.8' ],
134 silly audit   'strip-bom': [ '3.0.0' ],
134 silly audit   'strip-json-comments': [ '3.1.1' ],
134 silly audit   'styled-jsx': [ '5.1.6' ],
134 silly audit   'supports-color': [ '7.2.0' ],
134 silly audit   'supports-preserve-symlinks-flag': [ '1.0.0' ],
134 silly audit   tailwindcss: [ '4.1.18' ],
134 silly audit   tapable: [ '2.3.0' ],
134 silly audit   tinyglobby: [ '0.2.15' ],
134 silly audit   fdir: [ '6.5.0' ],
134 silly audit   'to-regex-range': [ '5.0.1' ],
134 silly audit   'ts-api-utils': [ '2.4.0' ],
134 silly audit   'tsconfig-paths': [ '3.15.0' ],
134 silly audit   tslib: [ '2.8.1' ],
134 silly audit   'type-check': [ '0.4.0' ],
134 silly audit   'typed-array-buffer': [ '1.0.3' ],
134 silly audit   'typed-array-byte-length': [ '1.0.3' ],
134 silly audit   'typed-array-byte-offset': [ '1.0.4' ],
134 silly audit   'typed-array-length': [ '1.0.7' ],
134 silly audit   typescript: [ '5.9.3' ],
134 silly audit   'typescript-eslint': [ '8.54.0' ],
134 silly audit   'unbox-primitive': [ '1.1.0' ],
134 silly audit   'undici-types': [ '6.21.0' ],
134 silly audit   'unrs-resolver': [ '1.11.1' ],
134 silly audit   '@unrs/resolver-binding-android-arm-eabi': [ '1.11.1' ],
134 silly audit   '@unrs/resolver-binding-android-arm64': [ '1.11.1' ],
134 silly audit   '@unrs/resolver-binding-darwin-x64': [ '1.11.1' ],
134 silly audit   '@unrs/resolver-binding-freebsd-x64': [ '1.11.1' ],
134 silly audit   '@unrs/resolver-binding-linux-arm-gnueabihf': [ '1.11.1' ],
134 silly audit   '@unrs/resolver-binding-linux-arm-musleabihf': [ '1.11.1' ],
134 silly audit   '@unrs/resolver-binding-linux-arm64-gnu': [ '1.11.1' ],
134 silly audit   '@unrs/resolver-binding-linux-arm64-musl': [ '1.11.1' ],
134 silly audit   '@unrs/resolver-binding-linux-ppc64-gnu': [ '1.11.1' ],
134 silly audit   '@unrs/resolver-binding-linux-riscv64-gnu': [ '1.11.1' ],
134 silly audit   '@unrs/resolver-binding-linux-riscv64-musl': [ '1.11.1' ],
134 silly audit   '@unrs/resolver-binding-linux-s390x-gnu': [ '1.11.1' ],
134 silly audit   '@unrs/resolver-binding-linux-x64-gnu': [ '1.11.1' ],
134 silly audit   '@unrs/resolver-binding-linux-x64-musl': [ '1.11.1' ],
134 silly audit   '@unrs/resolver-binding-wasm32-wasi': [ '1.11.1' ],
134 silly audit   '@unrs/resolver-binding-win32-arm64-msvc': [ '1.11.1' ],
134 silly audit   '@unrs/resolver-binding-win32-ia32-msvc': [ '1.11.1' ],
134 silly audit   '@unrs/resolver-binding-win32-x64-msvc': [ '1.11.1' ],
134 silly audit   'update-browserslist-db': [ '1.2.3' ],
134 silly audit   'uri-js': [ '4.4.1' ],
134 silly audit   which: [ '2.0.2' ],
134 silly audit   'which-boxed-primitive': [ '1.1.1' ],
134 silly audit   'which-builtin-type': [ '1.2.1' ],
134 silly audit   'which-collection': [ '1.0.2' ],
134 silly audit   'which-typed-array': [ '1.1.20' ],
134 silly audit   'word-wrap': [ '1.2.5' ],
134 silly audit   yallist: [ '3.1.1' ],
134 silly audit   'yocto-queue': [ '0.1.0' ],
134 silly audit   zod: [ '4.3.6' ],
134 silly audit   'zod-validation-error': [ '4.0.2' ],
134 silly audit   '@google/generative-ai': [ '0.24.1' ],
134 silly audit   '@tailwindcss/oxide-wasm32-wasi': [ '4.1.18' ]
134 silly audit }
135 verbose reify failed optional dependency /Users/arjunss/Ai Bot/apps/web/node_modules/@next/swc-win32-x64-msvc
136 silly reify mark deleted [
136 silly reify   '/Users/arjunss/Ai Bot/apps/web/node_modules/@next/swc-win32-x64-msvc'
136 silly reify ]
137 verbose reify failed optional dependency /Users/arjunss/Ai Bot/apps/web/node_modules/@next/swc-win32-arm64-msvc
138 silly reify mark deleted [
138 silly reify   '/Users/arjunss/Ai Bot/apps/web/node_modules/@next/swc-win32-arm64-msvc'
138 silly reify ]
139 verbose reify failed optional dependency /Users/arjunss/Ai Bot/apps/web/node_modules/@next/swc-linux-x64-musl
140 silly reify mark deleted [
140 silly reify   '/Users/arjunss/Ai Bot/apps/web/node_modules/@next/swc-linux-x64-musl'
140 silly reify ]
141 verbose reify failed optional dependency /Users/arjunss/Ai Bot/apps/web/node_modules/@next/swc-linux-x64-gnu
142 silly reify mark deleted [
142 silly reify   '/Users/arjunss/Ai Bot/apps/web/node_modules/@next/swc-linux-x64-gnu'
142 silly reify ]
143 verbose reify failed optional dependency /Users/arjunss/Ai Bot/apps/web/node_modules/@next/swc-linux-arm64-musl
144 silly reify mark deleted [
144 silly reify   '/Users/arjunss/Ai Bot/apps/web/node_modules/@next/swc-linux-arm64-musl'
144 silly reify ]
145 verbose reify failed optional dependency /Users/arjunss/Ai Bot/apps/web/node_modules/@next/swc-linux-arm64-gnu
146 silly reify mark deleted [
146 silly reify   '/Users/arjunss/Ai Bot/apps/web/node_modules/@next/swc-linux-arm64-gnu'
146 silly reify ]
147 verbose reify failed optional dependency /Users/arjunss/Ai Bot/apps/web/node_modules/@next/swc-darwin-x64
148 silly reify mark deleted [ '/Users/arjunss/Ai Bot/apps/web/node_modules/@next/swc-darwin-x64' ]
149 verbose reify failed optional dependency /Users/arjunss/Ai Bot/apps/web/node_modules/@tailwindcss/oxide/node_modules/@tailwindcss/oxide-win32-x64-msvc
150 silly reify mark deleted [
150 silly reify   '/Users/arjunss/Ai Bot/apps/web/node_modules/@tailwindcss/oxide/node_modules/@tailwindcss/oxide-win32-x64-msvc'
150 silly reify ]
151 verbose reify failed optional dependency /Users/arjunss/Ai Bot/apps/web/node_modules/@tailwindcss/oxide/node_modules/@tailwindcss/oxide-win32-arm64-msvc
152 silly reify mark deleted [
152 silly reify   '/Users/arjunss/Ai Bot/apps/web/node_modules/@tailwindcss/oxide/node_modules/@tailwindcss/oxide-win32-arm64-msvc'
152 silly reify ]
153 verbose reify failed optional dependency /Users/arjunss/Ai Bot/apps/web/node_modules/@tailwindcss/oxide/node_modules/@tailwindcss/oxide-linux-x64-musl
154 silly reify mark deleted [
154 silly reify   '/Users/arjunss/Ai Bot/apps/web/node_modules/@tailwindcss/oxide/node_modules/@tailwindcss/oxide-linux-x64-musl'
154 silly reify ]
155 verbose reify failed optional dependency /Users/arjunss/Ai Bot/apps/web/node_modules/@tailwindcss/oxide/node_modules/@tailwindcss/oxide-linux-x64-gnu
156 silly reify mark deleted [
156 silly reify   '/Users/arjunss/Ai Bot/apps/web/node_modules/@tailwindcss/oxide/node_modules/@tailwindcss/oxide-linux-x64-gnu'
156 silly reify ]
157 verbose reify failed optional dependency /Users/arjunss/Ai Bot/apps/web/node_modules/@tailwindcss/oxide/node_modules/@tailwindcss/oxide-linux-arm64-musl
158 silly reify mark deleted [
158 silly reify   '/Users/arjunss/Ai Bot/apps/web/node_modules/@tailwindcss/oxide/node_modules/@tailwindcss/oxide-linux-arm64-musl'
158 silly reify ]
159 verbose reify failed optional dependency /Users/arjunss/Ai Bot/apps/web/node_modules/@tailwindcss/oxide/node_modules/@tailwindcss/oxide-linux-arm64-gnu
160 silly reify mark deleted [
160 silly reify   '/Users/arjunss/Ai Bot/apps/web/node_modules/@tailwindcss/oxide/node_modules/@tailwindcss/oxide-linux-arm64-gnu'
160 silly reify ]
161 verbose reify failed optional dependency /Users/arjunss/Ai Bot/apps/web/node_modules/@tailwindcss/oxide/node_modules/@tailwindcss/oxide-linux-arm-gnueabihf
162 silly reify mark deleted [
162 silly reify   '/Users/arjunss/Ai Bot/apps/web/node_modules/@tailwindcss/oxide/node_modules/@tailwindcss/oxide-linux-arm-gnueabihf'
162 silly reify ]
163 verbose reify failed optional dependency /Users/arjunss/Ai Bot/apps/web/node_modules/@tailwindcss/oxide/node_modules/@tailwindcss/oxide-freebsd-x64
164 silly reify mark deleted [
164 silly reify   '/Users/arjunss/Ai Bot/apps/web/node_modules/@tailwindcss/oxide/node_modules/@tailwindcss/oxide-freebsd-x64'
164 silly reify ]
165 verbose reify failed optional dependency /Users/arjunss/Ai Bot/apps/web/node_modules/@tailwindcss/oxide/node_modules/@tailwindcss/oxide-darwin-x64
166 silly reify mark deleted [
166 silly reify   '/Users/arjunss/Ai Bot/apps/web/node_modules/@tailwindcss/oxide/node_modules/@tailwindcss/oxide-darwin-x64'
166 silly reify ]
167 verbose reify failed optional dependency /Users/arjunss/Ai Bot/apps/web/node_modules/@tailwindcss/oxide/node_modules/@tailwindcss/oxide-android-arm64
168 silly reify mark deleted [
168 silly reify   '/Users/arjunss/Ai Bot/apps/web/node_modules/@tailwindcss/oxide/node_modules/@tailwindcss/oxide-android-arm64'
168 silly reify ]
169 verbose reify failed optional dependency /Users/arjunss/Ai Bot/apps/web/node_modules/unrs-resolver/node_modules/@unrs/resolver-binding-win32-x64-msvc
170 silly reify mark deleted [
170 silly reify   '/Users/arjunss/Ai Bot/apps/web/node_modules/unrs-resolver/node_modules/@unrs/resolver-binding-win32-x64-msvc'
170 silly reify ]
171 verbose reify failed optional dependency /Users/arjunss/Ai Bot/apps/web/node_modules/unrs-resolver/node_modules/@unrs/resolver-binding-win32-ia32-msvc
172 silly reify mark deleted [
172 silly reify   '/Users/arjunss/Ai Bot/apps/web/node_modules/unrs-resolver/node_modules/@unrs/resolver-binding-win32-ia32-msvc'
172 silly reify ]
173 verbose reify failed optional dependency /Users/arjunss/Ai Bot/apps/web/node_modules/unrs-resolver/node_modules/@unrs/resolver-binding-win32-arm64-msvc
174 silly reify mark deleted [
174 silly reify   '/Users/arjunss/Ai Bot/apps/web/node_modules/unrs-resolver/node_modules/@unrs/resolver-binding-win32-arm64-msvc'
174 silly reify ]
175 verbose reify failed optional dependency /Users/arjunss/Ai Bot/apps/web/node_modules/unrs-resolver/node_modules/@unrs/resolver-binding-wasm32-wasi
176 silly reify mark deleted [
176 silly reify   '/Users/arjunss/Ai Bot/apps/web/node_modules/unrs-resolver/node_modules/@unrs/resolver-binding-wasm32-wasi'
176 silly reify ]
177 verbose reify failed optional dependency /Users/arjunss/Ai Bot/apps/web/node_modules/unrs-resolver/node_modules/@unrs/resolver-binding-linux-x64-musl
178 silly reify mark deleted [
178 silly reify   '/Users/arjunss/Ai Bot/apps/web/node_modules/unrs-resolver/node_modules/@unrs/resolver-binding-linux-x64-musl'
178 silly reify ]
179 verbose reify failed optional dependency /Users/arjunss/Ai Bot/apps/web/node_modules/unrs-resolver/node_modules/@unrs/resolver-binding-linux-x64-gnu
180 silly reify mark deleted [
180 silly reify   '/Users/arjunss/Ai Bot/apps/web/node_modules/unrs-resolver/node_modules/@unrs/resolver-binding-linux-x64-gnu'
180 silly reify ]
181 verbose reify failed optional dependency /Users/arjunss/Ai Bot/apps/web/node_modules/unrs-resolver/node_modules/@unrs/resolver-binding-linux-s390x-gnu
182 silly reify mark deleted [
182 silly reify   '/Users/arjunss/Ai Bot/apps/web/node_modules/unrs-resolver/node_modules/@unrs/resolver-binding-linux-s390x-gnu'
182 silly reify ]
183 verbose reify failed optional dependency /Users/arjunss/Ai Bot/apps/web/node_modules/unrs-resolver/node_modules/@unrs/resolver-binding-linux-riscv64-musl
184 silly reify mark deleted [
184 silly reify   '/Users/arjunss/Ai Bot/apps/web/node_modules/unrs-resolver/node_modules/@unrs/resolver-binding-linux-riscv64-musl'
184 silly reify ]
185 verbose reify failed optional dependency /Users/arjunss/Ai Bot/apps/web/node_modules/unrs-resolver/node_modules/@unrs/resolver-binding-linux-riscv64-gnu
186 silly reify mark deleted [
186 silly reify   '/Users/arjunss/Ai Bot/apps/web/node_modules/unrs-resolver/node_modules/@unrs/resolver-binding-linux-riscv64-gnu'
186 silly reify ]
187 verbose reify failed optional dependency /Users/arjunss/Ai Bot/apps/web/node_modules/unrs-resolver/node_modules/@unrs/resolver-binding-linux-ppc64-gnu
188 silly reify mark deleted [
188 silly reify   '/Users/arjunss/Ai Bot/apps/web/node_modules/unrs-resolver/node_modules/@unrs/resolver-binding-linux-ppc64-gnu'
188 silly reify ]
189 verbose reify failed optional dependency /Users/arjunss/Ai Bot/apps/web/node_modules/unrs-resolver/node_modules/@unrs/resolver-binding-linux-arm64-musl
190 silly reify mark deleted [
190 silly reify   '/Users/arjunss/Ai Bot/apps/web/node_modules/unrs-resolver/node_modules/@unrs/resolver-binding-linux-arm64-musl'
190 silly reify ]
191 verbose reify failed optional dependency /Users/arjunss/Ai Bot/apps/web/node_modules/unrs-resolver/node_modules/@unrs/resolver-binding-linux-arm64-gnu
192 silly reify mark deleted [
192 silly reify   '/Users/arjunss/Ai Bot/apps/web/node_modules/unrs-resolver/node_modules/@unrs/resolver-binding-linux-arm64-gnu'
192 silly reify ]
193 verbose reify failed optional dependency /Users/arjunss/Ai Bot/apps/web/node_modules/unrs-resolver/node_modules/@unrs/resolver-binding-linux-arm-musleabihf
194 silly reify mark deleted [
194 silly reify   '/Users/arjunss/Ai Bot/apps/web/node_modules/unrs-resolver/node_modules/@unrs/resolver-binding-linux-arm-musleabihf'
194 silly reify ]
195 verbose reify failed optional dependency /Users/arjunss/Ai Bot/apps/web/node_modules/unrs-resolver/node_modules/@unrs/resolver-binding-linux-arm-gnueabihf
196 silly reify mark deleted [
196 silly reify   '/Users/arjunss/Ai Bot/apps/web/node_modules/unrs-resolver/node_modules/@unrs/resolver-binding-linux-arm-gnueabihf'
196 silly reify ]
197 verbose reify failed optional dependency /Users/arjunss/Ai Bot/apps/web/node_modules/unrs-resolver/node_modules/@unrs/resolver-binding-freebsd-x64
198 silly reify mark deleted [
198 silly reify   '/Users/arjunss/Ai Bot/apps/web/node_modules/unrs-resolver/node_modules/@unrs/resolver-binding-freebsd-x64'
198 silly reify ]
199 verbose reify failed optional dependency /Users/arjunss/Ai Bot/apps/web/node_modules/unrs-resolver/node_modules/@unrs/resolver-binding-darwin-x64
200 silly reify mark deleted [
200 silly reify   '/Users/arjunss/Ai Bot/apps/web/node_modules/unrs-resolver/node_modules/@unrs/resolver-binding-darwin-x64'
200 silly reify ]
201 verbose reify failed optional dependency /Users/arjunss/Ai Bot/apps/web/node_modules/unrs-resolver/node_modules/@unrs/resolver-binding-android-arm64
202 silly reify mark deleted [
202 silly reify   '/Users/arjunss/Ai Bot/apps/web/node_modules/unrs-resolver/node_modules/@unrs/resolver-binding-android-arm64'
202 silly reify ]
203 verbose reify failed optional dependency /Users/arjunss/Ai Bot/apps/web/node_modules/unrs-resolver/node_modules/@unrs/resolver-binding-android-arm-eabi
204 silly reify mark deleted [
204 silly reify   '/Users/arjunss/Ai Bot/apps/web/node_modules/unrs-resolver/node_modules/@unrs/resolver-binding-android-arm-eabi'
204 silly reify ]
205 verbose reify failed optional dependency /Users/arjunss/Ai Bot/apps/web/node_modules/sharp/node_modules/@img/sharp-win32-x64
206 silly reify mark deleted [
206 silly reify   '/Users/arjunss/Ai Bot/apps/web/node_modules/sharp/node_modules/@img/sharp-win32-x64'
206 silly reify ]
207 verbose reify failed optional dependency /Users/arjunss/Ai Bot/apps/web/node_modules/sharp/node_modules/@img/sharp-win32-ia32
208 silly reify mark deleted [
208 silly reify   '/Users/arjunss/Ai Bot/apps/web/node_modules/sharp/node_modules/@img/sharp-win32-ia32'
208 silly reify ]
209 verbose reify failed optional dependency /Users/arjunss/Ai Bot/apps/web/node_modules/sharp/node_modules/@img/sharp-win32-arm64
210 silly reify mark deleted [
210 silly reify   '/Users/arjunss/Ai Bot/apps/web/node_modules/sharp/node_modules/@img/sharp-win32-arm64'
210 silly reify ]
211 verbose reify failed optional dependency /Users/arjunss/Ai Bot/apps/web/node_modules/sharp/node_modules/@img/sharp-wasm32
212 silly reify mark deleted [
212 silly reify   '/Users/arjunss/Ai Bot/apps/web/node_modules/sharp/node_modules/@img/sharp-wasm32'
212 silly reify ]
213 verbose reify failed optional dependency /Users/arjunss/Ai Bot/apps/web/node_modules/sharp/node_modules/@img/sharp-linuxmusl-x64
214 silly reify mark deleted [
214 silly reify   '/Users/arjunss/Ai Bot/apps/web/node_modules/sharp/node_modules/@img/sharp-linuxmusl-x64'
214 silly reify ]
215 verbose reify failed optional dependency /Users/arjunss/Ai Bot/apps/web/node_modules/sharp/node_modules/@img/sharp-linuxmusl-arm64
216 silly reify mark deleted [
216 silly reify   '/Users/arjunss/Ai Bot/apps/web/node_modules/sharp/node_modules/@img/sharp-linuxmusl-arm64'
216 silly reify ]
217 verbose reify failed optional dependency /Users/arjunss/Ai Bot/apps/web/node_modules/sharp/node_modules/@img/sharp-linux-x64
218 silly reify mark deleted [
218 silly reify   '/Users/arjunss/Ai Bot/apps/web/node_modules/sharp/node_modules/@img/sharp-linux-x64'
218 silly reify ]
219 verbose reify failed optional dependency /Users/arjunss/Ai Bot/apps/web/node_modules/sharp/node_modules/@img/sharp-linux-s390x
220 silly reify mark deleted [
220 silly reify   '/Users/arjunss/Ai Bot/apps/web/node_modules/sharp/node_modules/@img/sharp-linux-s390x'
220 silly reify ]
221 verbose reify failed optional dependency /Users/arjunss/Ai Bot/apps/web/node_modules/sharp/node_modules/@img/sharp-linux-riscv64
222 silly reify mark deleted [
222 silly reify   '/Users/arjunss/Ai Bot/apps/web/node_modules/sharp/node_modules/@img/sharp-linux-riscv64'
222 silly reify ]
223 verbose reify failed optional dependency /Users/arjunss/Ai Bot/apps/web/node_modules/sharp/node_modules/@img/sharp-linux-ppc64
224 silly reify mark deleted [
224 silly reify   '/Users/arjunss/Ai Bot/apps/web/node_modules/sharp/node_modules/@img/sharp-linux-ppc64'
224 silly reify ]
225 verbose reify failed optional dependency /Users/arjunss/Ai Bot/apps/web/node_modules/sharp/node_modules/@img/sharp-linux-arm64
226 silly reify mark deleted [
226 silly reify   '/Users/arjunss/Ai Bot/apps/web/node_modules/sharp/node_modules/@img/sharp-linux-arm64'
226 silly reify ]
227 verbose reify failed optional dependency /Users/arjunss/Ai Bot/apps/web/node_modules/sharp/node_modules/@img/sharp-linux-arm
228 silly reify mark deleted [
228 silly reify   '/Users/arjunss/Ai Bot/apps/web/node_modules/sharp/node_modules/@img/sharp-linux-arm'
228 silly reify ]
229 verbose reify failed optional dependency /Users/arjunss/Ai Bot/apps/web/node_modules/sharp/node_modules/@img/sharp-libvips-linuxmusl-x64
230 silly reify mark deleted [
230 silly reify   '/Users/arjunss/Ai Bot/apps/web/node_modules/sharp/node_modules/@img/sharp-libvips-linuxmusl-x64'
230 silly reify ]
231 verbose reify failed optional dependency /Users/arjunss/Ai Bot/apps/web/node_modules/sharp/node_modules/@img/sharp-libvips-linuxmusl-arm64
232 silly reify mark deleted [
232 silly reify   '/Users/arjunss/Ai Bot/apps/web/node_modules/sharp/node_modules/@img/sharp-libvips-linuxmusl-arm64'
232 silly reify ]
233 verbose reify failed optional dependency /Users/arjunss/Ai Bot/apps/web/node_modules/sharp/node_modules/@img/sharp-libvips-linux-x64
234 silly reify mark deleted [
234 silly reify   '/Users/arjunss/Ai Bot/apps/web/node_modules/sharp/node_modules/@img/sharp-libvips-linux-x64'
234 silly reify ]
235 verbose reify failed optional dependency /Users/arjunss/Ai Bot/apps/web/node_modules/sharp/node_modules/@img/sharp-libvips-linux-s390x
236 silly reify mark deleted [
236 silly reify   '/Users/arjunss/Ai Bot/apps/web/node_modules/sharp/node_modules/@img/sharp-libvips-linux-s390x'
236 silly reify ]
237 verbose reify failed optional dependency /Users/arjunss/Ai Bot/apps/web/node_modules/sharp/node_modules/@img/sharp-libvips-linux-riscv64
238 silly reify mark deleted [
238 silly reify   '/Users/arjunss/Ai Bot/apps/web/node_modules/sharp/node_modules/@img/sharp-libvips-linux-riscv64'
238 silly reify ]
239 verbose reify failed optional dependency /Users/arjunss/Ai Bot/apps/web/node_modules/sharp/node_modules/@img/sharp-libvips-linux-ppc64
240 silly reify mark deleted [
240 silly reify   '/Users/arjunss/Ai Bot/apps/web/node_modules/sharp/node_modules/@img/sharp-libvips-linux-ppc64'
240 silly reify ]
241 verbose reify failed optional dependency /Users/arjunss/Ai Bot/apps/web/node_modules/sharp/node_modules/@img/sharp-libvips-linux-arm64
242 silly reify mark deleted [
242 silly reify   '/Users/arjunss/Ai Bot/apps/web/node_modules/sharp/node_modules/@img/sharp-libvips-linux-arm64'
242 silly reify ]
243 verbose reify failed optional dependency /Users/arjunss/Ai Bot/apps/web/node_modules/sharp/node_modules/@img/sharp-libvips-linux-arm
244 silly reify mark deleted [
244 silly reify   '/Users/arjunss/Ai Bot/apps/web/node_modules/sharp/node_modules/@img/sharp-libvips-linux-arm'
244 silly reify ]
245 verbose reify failed optional dependency /Users/arjunss/Ai Bot/apps/web/node_modules/sharp/node_modules/@img/sharp-libvips-darwin-x64
246 silly reify mark deleted [
246 silly reify   '/Users/arjunss/Ai Bot/apps/web/node_modules/sharp/node_modules/@img/sharp-libvips-darwin-x64'
246 silly reify ]
247 verbose reify failed optional dependency /Users/arjunss/Ai Bot/apps/web/node_modules/sharp/node_modules/@img/sharp-darwin-x64
248 silly reify mark deleted [
248 silly reify   '/Users/arjunss/Ai Bot/apps/web/node_modules/sharp/node_modules/@img/sharp-darwin-x64'
248 silly reify ]
249 verbose reify failed optional dependency /Users/arjunss/Ai Bot/apps/web/node_modules/lightningcss/node_modules/lightningcss-win32-x64-msvc
250 silly reify mark deleted [
250 silly reify   '/Users/arjunss/Ai Bot/apps/web/node_modules/lightningcss/node_modules/lightningcss-win32-x64-msvc'
250 silly reify ]
251 verbose reify failed optional dependency /Users/arjunss/Ai Bot/apps/web/node_modules/lightningcss/node_modules/lightningcss-win32-arm64-msvc
252 silly reify mark deleted [
252 silly reify   '/Users/arjunss/Ai Bot/apps/web/node_modules/lightningcss/node_modules/lightningcss-win32-arm64-msvc'
252 silly reify ]
253 verbose reify failed optional dependency /Users/arjunss/Ai Bot/apps/web/node_modules/lightningcss/node_modules/lightningcss-linux-x64-musl
254 silly reify mark deleted [
254 silly reify   '/Users/arjunss/Ai Bot/apps/web/node_modules/lightningcss/node_modules/lightningcss-linux-x64-musl'
254 silly reify ]
255 verbose reify failed optional dependency /Users/arjunss/Ai Bot/apps/web/node_modules/lightningcss/node_modules/lightningcss-linux-x64-gnu
256 silly reify mark deleted [
256 silly reify   '/Users/arjunss/Ai Bot/apps/web/node_modules/lightningcss/node_modules/lightningcss-linux-x64-gnu'
256 silly reify ]
257 verbose reify failed optional dependency /Users/arjunss/Ai Bot/apps/web/node_modules/lightningcss/node_modules/lightningcss-linux-arm64-musl
258 silly reify mark deleted [
258 silly reify   '/Users/arjunss/Ai Bot/apps/web/node_modules/lightningcss/node_modules/lightningcss-linux-arm64-musl'
258 silly reify ]
259 verbose reify failed optional dependency /Users/arjunss/Ai Bot/apps/web/node_modules/lightningcss/node_modules/lightningcss-linux-arm64-gnu
260 silly reify mark deleted [
260 silly reify   '/Users/arjunss/Ai Bot/apps/web/node_modules/lightningcss/node_modules/lightningcss-linux-arm64-gnu'
260 silly reify ]
261 verbose reify failed optional dependency /Users/arjunss/Ai Bot/apps/web/node_modules/lightningcss/node_modules/lightningcss-linux-arm-gnueabihf
262 silly reify mark deleted [
262 silly reify   '/Users/arjunss/Ai Bot/apps/web/node_modules/lightningcss/node_modules/lightningcss-linux-arm-gnueabihf'
262 silly reify ]
263 verbose reify failed optional dependency /Users/arjunss/Ai Bot/apps/web/node_modules/lightningcss/node_modules/lightningcss-freebsd-x64
264 silly reify mark deleted [
264 silly reify   '/Users/arjunss/Ai Bot/apps/web/node_modules/lightningcss/node_modules/lightningcss-freebsd-x64'
264 silly reify ]
265 verbose reify failed optional dependency /Users/arjunss/Ai Bot/apps/web/node_modules/lightningcss/node_modules/lightningcss-darwin-x64
266 silly reify mark deleted [
266 silly reify   '/Users/arjunss/Ai Bot/apps/web/node_modules/lightningcss/node_modules/lightningcss-darwin-x64'
266 silly reify ]
267 verbose reify failed optional dependency /Users/arjunss/Ai Bot/apps/web/node_modules/lightningcss/node_modules/lightningcss-android-arm64
268 silly reify mark deleted [
268 silly reify   '/Users/arjunss/Ai Bot/apps/web/node_modules/lightningcss/node_modules/lightningcss-android-arm64'
268 silly reify ]
269 http cache @google/generative-ai@https://registry.npmjs.org/@google/generative-ai/-/generative-ai-0.24.1.tgz 0ms (cache hit)
270 silly tarball no local data for @google/generative-ai@https://registry.npmjs.org/@google/generative-ai/-/generative-ai-0.24.1.tgz. Extracting by manifest.
271 http fetch GET 200 https://registry.npmjs.org/@google/generative-ai/-/generative-ai-0.24.1.tgz 143ms (cache miss)
272 http fetch POST 200 https://registry.npmjs.org/-/npm/v1/security/advisories/bulk 465ms
273 silly audit report {}
274 silly ADD node_modules/@google/generative-ai
275 silly ADD node_modules/@next/swc-win32-x64-msvc
276 silly ADD node_modules/@next/swc-win32-arm64-msvc
277 silly ADD node_modules/@next/swc-linux-x64-musl
278 silly ADD node_modules/@next/swc-linux-x64-gnu
279 silly ADD node_modules/@next/swc-linux-arm64-musl
280 silly ADD node_modules/@next/swc-linux-arm64-gnu
281 silly ADD node_modules/@next/swc-darwin-x64
282 silly ADD node_modules/@tailwindcss/oxide/node_modules/@tailwindcss/oxide-win32-x64-msvc
283 silly ADD node_modules/@tailwindcss/oxide/node_modules/@tailwindcss/oxide-win32-arm64-msvc
284 silly ADD node_modules/@tailwindcss/oxide/node_modules/@tailwindcss/oxide-wasm32-wasi
285 silly ADD node_modules/@tailwindcss/oxide/node_modules/@tailwindcss/oxide-linux-x64-musl
286 silly ADD node_modules/@tailwindcss/oxide/node_modules/@tailwindcss/oxide-linux-x64-gnu
287 silly ADD node_modules/@tailwindcss/oxide/node_modules/@tailwindcss/oxide-linux-arm64-musl
288 silly ADD node_modules/@tailwindcss/oxide/node_modules/@tailwindcss/oxide-linux-arm64-gnu
289 silly ADD node_modules/@tailwindcss/oxide/node_modules/@tailwindcss/oxide-linux-arm-gnueabihf
290 silly ADD node_modules/@tailwindcss/oxide/node_modules/@tailwindcss/oxide-freebsd-x64
291 silly ADD node_modules/@tailwindcss/oxide/node_modules/@tailwindcss/oxide-darwin-x64
292 silly ADD node_modules/@tailwindcss/oxide/node_modules/@tailwindcss/oxide-android-arm64
293 silly ADD node_modules/unrs-resolver/node_modules/@unrs/resolver-binding-win32-x64-msvc
294 silly ADD node_modules/unrs-resolver/node_modules/@unrs/resolver-binding-win32-ia32-msvc
295 silly ADD node_modules/unrs-resolver/node_modules/@unrs/resolver-binding-win32-arm64-msvc
296 silly ADD node_modules/unrs-resolver/node_modules/@unrs/resolver-binding-wasm32-wasi
297 silly ADD node_modules/unrs-resolver/node_modules/@unrs/resolver-binding-linux-x64-musl
298 silly ADD node_modules/unrs-resolver/node_modules/@unrs/resolver-binding-linux-x64-gnu
299 silly ADD node_modules/unrs-resolver/node_modules/@unrs/resolver-binding-linux-s390x-gnu
300 silly ADD node_modules/unrs-resolver/node_modules/@unrs/resolver-binding-linux-riscv64-musl
301 silly ADD node_modules/unrs-resolver/node_modules/@unrs/resolver-binding-linux-riscv64-gnu
302 silly ADD node_modules/unrs-resolver/node_modules/@unrs/resolver-binding-linux-ppc64-gnu
303 silly ADD node_modules/unrs-resolver/node_modules/@unrs/resolver-binding-linux-arm64-musl
304 silly ADD node_modules/unrs-resolver/node_modules/@unrs/resolver-binding-linux-arm64-gnu
305 silly ADD node_modules/unrs-resolver/node_modules/@unrs/resolver-binding-linux-arm-musleabihf
306 silly ADD node_modules/unrs-resolver/node_modules/@unrs/resolver-binding-linux-arm-gnueabihf
307 silly ADD node_modules/unrs-resolver/node_modules/@unrs/resolver-binding-freebsd-x64
308 silly ADD node_modules/unrs-resolver/node_modules/@unrs/resolver-binding-darwin-x64
309 silly ADD node_modules/unrs-resolver/node_modules/@unrs/resolver-binding-android-arm64
310 silly ADD node_modules/unrs-resolver/node_modules/@unrs/resolver-binding-android-arm-eabi
311 silly ADD node_modules/sharp/node_modules/@img/sharp-win32-x64
312 silly ADD node_modules/sharp/node_modules/@img/sharp-win32-ia32
313 silly ADD node_modules/sharp/node_modules/@img/sharp-win32-arm64
314 silly ADD node_modules/sharp/node_modules/@img/sharp-wasm32
315 silly ADD node_modules/sharp/node_modules/@img/sharp-linuxmusl-x64
316 silly ADD node_modules/sharp/node_modules/@img/sharp-linuxmusl-arm64
317 silly ADD node_modules/sharp/node_modules/@img/sharp-linux-x64
318 silly ADD node_modules/sharp/node_modules/@img/sharp-linux-s390x
319 silly ADD node_modules/sharp/node_modules/@img/sharp-linux-riscv64
320 silly ADD node_modules/sharp/node_modules/@img/sharp-linux-ppc64
321 silly ADD node_modules/sharp/node_modules/@img/sharp-linux-arm64
322 silly ADD node_modules/sharp/node_modules/@img/sharp-linux-arm
323 silly ADD node_modules/sharp/node_modules/@img/sharp-libvips-linuxmusl-x64
324 silly ADD node_modules/sharp/node_modules/@img/sharp-libvips-linuxmusl-arm64
325 silly ADD node_modules/sharp/node_modules/@img/sharp-libvips-linux-x64
326 silly ADD node_modules/sharp/node_modules/@img/sharp-libvips-linux-s390x
327 silly ADD node_modules/sharp/node_modules/@img/sharp-libvips-linux-riscv64
328 silly ADD node_modules/sharp/node_modules/@img/sharp-libvips-linux-ppc64
329 silly ADD node_modules/sharp/node_modules/@img/sharp-libvips-linux-arm64
330 silly ADD node_modules/sharp/node_modules/@img/sharp-libvips-linux-arm
331 silly ADD node_modules/sharp/node_modules/@img/sharp-libvips-darwin-x64
332 silly ADD node_modules/sharp/node_modules/@img/sharp-darwin-x64
333 silly ADD node_modules/lightningcss/node_modules/lightningcss-win32-x64-msvc
334 silly ADD node_modules/lightningcss/node_modules/lightningcss-win32-arm64-msvc
335 silly ADD node_modules/lightningcss/node_modules/lightningcss-linux-x64-musl
336 silly ADD node_modules/lightningcss/node_modules/lightningcss-linux-x64-gnu
337 silly ADD node_modules/lightningcss/node_modules/lightningcss-linux-arm64-musl
338 silly ADD node_modules/lightningcss/node_modules/lightningcss-linux-arm64-gnu
339 silly ADD node_modules/lightningcss/node_modules/lightningcss-linux-arm-gnueabihf
340 silly ADD node_modules/lightningcss/node_modules/lightningcss-freebsd-x64
341 silly ADD node_modules/lightningcss/node_modules/lightningcss-darwin-x64
342 silly ADD node_modules/lightningcss/node_modules/lightningcss-android-arm64
343 verbose cwd /Users/arjunss/Ai Bot/apps/web
344 verbose os Darwin 25.2.0
345 verbose node v22.19.0
346 verbose npm  v11.6.0
347 notice
347 notice New minor version of npm available! 11.6.0 -> 11.10.0
347 notice Changelog: https://github.com/npm/cli/releases/tag/v11.10.0
347 notice To update run: npm install -g npm@11.10.0
347 notice  { force: true, [Symbol(proc-log.meta)]: true }
348 verbose exit 0
349 info ok
