0 verbose cli /usr/local/bin/node /Users/arjunss/.npm-global/lib/node_modules/npm/bin/npm-cli.js
1 info using npm@11.6.0
2 info using node@v22.19.0
3 silly config load:file:/Users/arjunss/.npm-global/lib/node_modules/npm/npmrc
4 silly config load:file:/Users/arjunss/Ai Bot/.npmrc
5 silly config load:file:/Users/arjunss/.npmrc
6 silly config load:file:/Users/arjunss/.npm-global/etc/npmrc
7 verbose title npm exec localtunnel --port 3000
8 verbose argv "exec" "--" "localtunnel" "--port" "3000"
9 verbose logfile logs-max:10 dir:/Users/arjunss/Ai Bot/.npm-cache/_logs/2026-02-04T19_07_24_957Z-
10 verbose logfile /Users/arjunss/Ai Bot/.npm-cache/_logs/2026-02-04T19_07_24_957Z-debug-0.log
11 silly logfile done cleaning log files
12 silly packumentCache heap:4345298944 maxSize:1086324736 maxEntrySize:543162368
13 http fetch GET 200 https://registry.npmjs.org/localtunnel 198ms (cache miss)
14 silly packumentCache heap:4345298944 maxSize:1086324736 maxEntrySize:543162368
15 silly packumentCache heap:4345298944 maxSize:1086324736 maxEntrySize:543162368
16 silly idealTree buildDeps
17 silly fetch manifest localtunnel@2.0.2
18 silly packumentCache full:https://registry.npmjs.org/localtunnel cache-miss
19 http fetch GET 200 https://registry.npmjs.org/localtunnel 869ms (cache miss)
20 silly packumentCache full:https://registry.npmjs.org/localtunnel set size:undefined disposed:false
21 silly placeDep ROOT localtunnel@2.0.2 OK for:  want: 2.0.2
22 silly fetch manifest axios@0.21.4
23 silly packumentCache full:https://registry.npmjs.org/axios cache-miss
24 silly fetch manifest debug@4.3.2
25 silly packumentCache full:https://registry.npmjs.org/debug cache-miss
26 silly fetch manifest openurl@1.1.1
27 silly packumentCache full:https://registry.npmjs.org/openurl cache-miss
28 silly fetch manifest yargs@17.1.1
29 silly packumentCache full:https://registry.npmjs.org/yargs cache-miss
30 http fetch GET 200 https://registry.npmjs.org/axios 526ms (cache miss)
31 silly packumentCache full:https://registry.npmjs.org/axios set size:undefined disposed:false
32 http fetch GET 200 https://registry.npmjs.org/debug 549ms (cache revalidated)
33 silly packumentCache full:https://registry.npmjs.org/debug set size:195840 disposed:false
34 http fetch GET 200 https://registry.npmjs.org/yargs 613ms (cache miss)
35 silly packumentCache full:https://registry.npmjs.org/yargs set size:undefined disposed:false
36 http fetch GET 200 https://registry.npmjs.org/openurl 824ms (cache miss)
37 silly packumentCache full:https://registry.npmjs.org/openurl set size:undefined disposed:false
38 silly placeDep ROOT axios@0.21.4 OK for: localtunnel@2.0.2 want: 0.21.4
39 silly placeDep ROOT debug@4.3.2 OK for: localtunnel@2.0.2 want: 4.3.2
40 silly placeDep ROOT openurl@1.1.1 OK for: localtunnel@2.0.2 want: 1.1.1
41 silly placeDep ROOT yargs@17.1.1 OK for: localtunnel@2.0.2 want: 17.1.1
42 silly fetch manifest follow-redirects@^1.14.0
43 silly packumentCache full:https://registry.npmjs.org/follow-redirects cache-miss
44 silly fetch manifest ms@2.1.2
45 silly packumentCache full:https://registry.npmjs.org/ms cache-miss
46 silly fetch manifest y18n@^5.0.5
47 silly packumentCache full:https://registry.npmjs.org/y18n cache-miss
48 silly fetch manifest cliui@^7.0.2
49 silly packumentCache full:https://registry.npmjs.org/cliui cache-miss
50 silly fetch manifest escalade@^3.1.1
51 silly packumentCache full:https://registry.npmjs.org/escalade cache-miss
52 silly fetch manifest string-width@^4.2.0
53 silly packumentCache full:https://registry.npmjs.org/string-width cache-miss
54 silly fetch manifest yargs-parser@^20.2.2
55 silly packumentCache full:https://registry.npmjs.org/yargs-parser cache-miss
56 silly fetch manifest get-caller-file@^2.0.5
57 silly packumentCache full:https://registry.npmjs.org/get-caller-file cache-miss
58 silly fetch manifest require-directory@^2.1.1
59 silly packumentCache full:https://registry.npmjs.org/require-directory cache-miss
60 http fetch GET 200 https://registry.npmjs.org/cliui 64ms (cache miss)
61 silly packumentCache full:https://registry.npmjs.org/cliui set size:undefined disposed:false
62 http fetch GET 200 https://registry.npmjs.org/follow-redirects 71ms (cache miss)
63 silly packumentCache full:https://registry.npmjs.org/follow-redirects set size:undefined disposed:false
64 http fetch GET 200 https://registry.npmjs.org/string-width 72ms (cache miss)
65 silly packumentCache full:https://registry.npmjs.org/string-width set size:undefined disposed:false
66 http fetch GET 200 https://registry.npmjs.org/y18n 75ms (cache miss)
67 silly packumentCache full:https://registry.npmjs.org/y18n set size:undefined disposed:false
68 http fetch GET 200 https://registry.npmjs.org/escalade 188ms (cache revalidated)
69 silly packumentCache full:https://registry.npmjs.org/escalade set size:33724 disposed:false
70 http fetch GET 200 https://registry.npmjs.org/ms 190ms (cache revalidated)
71 silly packumentCache full:https://registry.npmjs.org/ms set size:92208 disposed:false
72 http fetch GET 200 https://registry.npmjs.org/require-directory 190ms (cache miss)
73 silly packumentCache full:https://registry.npmjs.org/require-directory set size:undefined disposed:false
74 http fetch GET 200 https://registry.npmjs.org/get-caller-file 391ms (cache miss)
75 silly packumentCache full:https://registry.npmjs.org/get-caller-file set size:undefined disposed:false
76 http fetch GET 200 https://registry.npmjs.org/yargs-parser 595ms (cache miss)
77 silly packumentCache full:https://registry.npmjs.org/yargs-parser set size:undefined disposed:false
78 silly placeDep ROOT follow-redirects@1.15.11 OK for: axios@0.21.4 want: ^1.14.0
79 silly placeDep ROOT ms@2.1.2 OK for: debug@4.3.2 want: 2.1.2
80 silly placeDep ROOT cliui@7.0.4 OK for: yargs@17.1.1 want: ^7.0.2
81 silly placeDep ROOT escalade@3.2.0 OK for: yargs@17.1.1 want: ^3.1.1
82 silly placeDep ROOT get-caller-file@2.0.5 OK for: yargs@17.1.1 want: ^2.0.5
83 silly placeDep ROOT require-directory@2.1.1 OK for: yargs@17.1.1 want: ^2.1.1
84 silly placeDep ROOT string-width@4.2.3 OK for: yargs@17.1.1 want: ^4.2.0
85 silly placeDep ROOT y18n@5.0.8 OK for: yargs@17.1.1 want: ^5.0.5
86 silly placeDep ROOT yargs-parser@20.2.9 OK for: yargs@17.1.1 want: ^20.2.2
87 silly fetch manifest wrap-ansi@^7.0.0
88 silly packumentCache full:https://registry.npmjs.org/wrap-ansi cache-miss
89 silly fetch manifest strip-ansi@^6.0.0
90 silly packumentCache full:https://registry.npmjs.org/strip-ansi cache-miss
91 silly fetch manifest strip-ansi@^6.0.1
92 silly packumentCache full:https://registry.npmjs.org/strip-ansi cache-miss
93 silly fetch manifest emoji-regex@^8.0.0
94 silly packumentCache full:https://registry.npmjs.org/emoji-regex cache-miss
95 silly fetch manifest is-fullwidth-code-point@^3.0.0
96 silly packumentCache full:https://registry.npmjs.org/is-fullwidth-code-point cache-miss
97 http fetch GET 200 https://registry.npmjs.org/is-fullwidth-code-point 47ms (cache miss)
98 silly packumentCache full:https://registry.npmjs.org/is-fullwidth-code-point set size:undefined disposed:false
99 http fetch GET 200 https://registry.npmjs.org/strip-ansi 52ms (cache miss)
100 silly packumentCache full:https://registry.npmjs.org/strip-ansi set size:undefined disposed:false
101 http fetch GET 200 https://registry.npmjs.org/emoji-regex 69ms (cache revalidated)
102 silly packumentCache full:https://registry.npmjs.org/emoji-regex set size:89088 disposed:false
103 http fetch GET 200 https://registry.npmjs.org/wrap-ansi 70ms (cache miss)
104 silly packumentCache full:https://registry.npmjs.org/wrap-ansi set size:undefined disposed:false
105 http fetch GET 200 https://registry.npmjs.org/strip-ansi 71ms (cache miss)
106 silly packumentCache full:https://registry.npmjs.org/strip-ansi set size:undefined disposed:false
107 silly placeDep ROOT strip-ansi@6.0.1 OK for: cliui@7.0.4 want: ^6.0.0
108 silly placeDep ROOT wrap-ansi@7.0.0 OK for: cliui@7.0.4 want: ^7.0.0
109 silly fetch manifest ansi-regex@^5.0.1
110 silly packumentCache full:https://registry.npmjs.org/ansi-regex cache-miss
111 silly fetch manifest ansi-styles@^4.0.0
112 silly packumentCache full:https://registry.npmjs.org/ansi-styles cache-miss
113 http fetch GET 200 https://registry.npmjs.org/ansi-styles 64ms (cache revalidated)
114 silly packumentCache full:https://registry.npmjs.org/ansi-styles set size:63233 disposed:false
115 http fetch GET 200 https://registry.npmjs.org/ansi-regex 66ms (cache miss)
116 silly packumentCache full:https://registry.npmjs.org/ansi-regex set size:undefined disposed:false
117 silly placeDep ROOT emoji-regex@8.0.0 OK for: string-width@4.2.3 want: ^8.0.0
118 silly placeDep ROOT is-fullwidth-code-point@3.0.0 OK for: string-width@4.2.3 want: ^3.0.0
119 silly placeDep ROOT ansi-regex@5.0.1 OK for: strip-ansi@6.0.1 want: ^5.0.1
120 silly placeDep ROOT ansi-styles@4.3.0 OK for: wrap-ansi@7.0.0 want: ^4.0.0
121 silly fetch manifest color-convert@^2.0.1
122 silly packumentCache full:https://registry.npmjs.org/color-convert cache-miss
123 http fetch GET 200 https://registry.npmjs.org/color-convert 74ms (cache revalidated)
124 silly packumentCache full:https://registry.npmjs.org/color-convert set size:72663 disposed:false
125 silly placeDep ROOT color-convert@2.0.1 OK for: ansi-styles@4.3.0 want: ^2.0.1
126 silly fetch manifest color-name@~1.1.4
127 silly packumentCache full:https://registry.npmjs.org/color-name cache-miss
128 http fetch GET 200 https://registry.npmjs.org/color-name 104ms (cache revalidated)
129 silly packumentCache full:https://registry.npmjs.org/color-name set size:19467 disposed:false
130 silly placeDep ROOT color-name@1.1.4 OK for: color-convert@2.0.1 want: ~1.1.4
131 silly reify moves {}
132 silly audit bulk request {
132 silly audit   localtunnel: [ '2.0.2' ],
132 silly audit   axios: [ '0.21.4' ],
132 silly audit   debug: [ '4.3.2' ],
132 silly audit   openurl: [ '1.1.1' ],
132 silly audit   yargs: [ '17.1.1' ],
132 silly audit   'follow-redirects': [ '1.15.11' ],
132 silly audit   ms: [ '2.1.2' ],
132 silly audit   cliui: [ '7.0.4' ],
132 silly audit   escalade: [ '3.2.0' ],
132 silly audit   'get-caller-file': [ '2.0.5' ],
132 silly audit   'require-directory': [ '2.1.1' ],
132 silly audit   'string-width': [ '4.2.3' ],
132 silly audit   y18n: [ '5.0.8' ],
132 silly audit   'yargs-parser': [ '20.2.9' ],
132 silly audit   'strip-ansi': [ '6.0.1' ],
132 silly audit   'wrap-ansi': [ '7.0.0' ],
132 silly audit   'emoji-regex': [ '8.0.0' ],
132 silly audit   'is-fullwidth-code-point': [ '3.0.0' ],
132 silly audit   'ansi-regex': [ '5.0.1' ],
132 silly audit   'ansi-styles': [ '4.3.0' ],
132 silly audit   'color-convert': [ '2.0.1' ],
132 silly audit   'color-name': [ '1.1.4' ]
132 silly audit }
133 http cache color-name@https://registry.npmjs.org/color-name/-/color-name-1.1.4.tgz 0ms (cache hit)
134 http cache color-convert@https://registry.npmjs.org/color-convert/-/color-convert-2.0.1.tgz 0ms (cache hit)
135 http cache ansi-styles@https://registry.npmjs.org/ansi-styles/-/ansi-styles-4.3.0.tgz 0ms (cache hit)
136 http cache is-fullwidth-code-point@https://registry.npmjs.org/is-fullwidth-code-point/-/is-fullwidth-code-point-3.0.0.tgz 0ms (cache hit)
137 http cache emoji-regex@https://registry.npmjs.org/emoji-regex/-/emoji-regex-8.0.0.tgz 0ms (cache hit)
138 http cache ansi-regex@https://registry.npmjs.org/ansi-regex/-/ansi-regex-5.0.1.tgz 0ms (cache hit)
139 http cache wrap-ansi@https://registry.npmjs.org/wrap-ansi/-/wrap-ansi-7.0.0.tgz 0ms (cache hit)
140 http cache strip-ansi@https://registry.npmjs.org/strip-ansi/-/strip-ansi-6.0.1.tgz 0ms (cache hit)
141 http cache y18n@https://registry.npmjs.org/y18n/-/y18n-5.0.8.tgz 0ms (cache hit)
142 http cache string-width@https://registry.npmjs.org/string-width/-/string-width-4.2.3.tgz 0ms (cache hit)
143 http cache require-directory@https://registry.npmjs.org/require-directory/-/require-directory-2.1.1.tgz 0ms (cache hit)
144 http cache escalade@https://registry.npmjs.org/escalade/-/escalade-3.2.0.tgz 0ms (cache hit)
145 http cache yargs-parser@https://registry.npmjs.org/yargs-parser/-/yargs-parser-20.2.9.tgz 0ms (cache hit)
146 http cache get-caller-file@https://registry.npmjs.org/get-caller-file/-/get-caller-file-2.0.5.tgz 0ms (cache hit)
147 http cache cliui@https://registry.npmjs.org/cliui/-/cliui-7.0.4.tgz 0ms (cache hit)
148 http cache ms@https://registry.npmjs.org/ms/-/ms-2.1.2.tgz 0ms (cache hit)
149 http cache follow-redirects@https://registry.npmjs.org/follow-redirects/-/follow-redirects-1.15.11.tgz 0ms (cache hit)
150 http cache yargs@https://registry.npmjs.org/yargs/-/yargs-17.1.1.tgz 0ms (cache hit)
151 http cache openurl@https://registry.npmjs.org/openurl/-/openurl-1.1.1.tgz 0ms (cache hit)
152 http cache debug@https://registry.npmjs.org/debug/-/debug-4.3.2.tgz 0ms (cache hit)
153 http cache axios@https://registry.npmjs.org/axios/-/axios-0.21.4.tgz 0ms (cache hit)
154 http cache localtunnel@https://registry.npmjs.org/localtunnel/-/localtunnel-2.0.2.tgz 0ms (cache hit)
155 silly tarball no local data for is-fullwidth-code-point@https://registry.npmjs.org/is-fullwidth-code-point/-/is-fullwidth-code-point-3.0.0.tgz. Extracting by manifest.
156 silly tarball no local data for emoji-regex@https://registry.npmjs.org/emoji-regex/-/emoji-regex-8.0.0.tgz. Extracting by manifest.
157 silly tarball no local data for wrap-ansi@https://registry.npmjs.org/wrap-ansi/-/wrap-ansi-7.0.0.tgz. Extracting by manifest.
158 silly tarball no local data for ansi-regex@https://registry.npmjs.org/ansi-regex/-/ansi-regex-5.0.1.tgz. Extracting by manifest.
159 silly tarball no local data for strip-ansi@https://registry.npmjs.org/strip-ansi/-/strip-ansi-6.0.1.tgz. Extracting by manifest.
160 silly tarball no local data for y18n@https://registry.npmjs.org/y18n/-/y18n-5.0.8.tgz. Extracting by manifest.
161 silly tarball no local data for string-width@https://registry.npmjs.org/string-width/-/string-width-4.2.3.tgz. Extracting by manifest.
162 silly tarball no local data for require-directory@https://registry.npmjs.org/require-directory/-/require-directory-2.1.1.tgz. Extracting by manifest.
163 silly tarball no local data for yargs-parser@https://registry.npmjs.org/yargs-parser/-/yargs-parser-20.2.9.tgz. Extracting by manifest.
164 silly tarball no local data for get-caller-file@https://registry.npmjs.org/get-caller-file/-/get-caller-file-2.0.5.tgz. Extracting by manifest.
165 silly tarball no local data for cliui@https://registry.npmjs.org/cliui/-/cliui-7.0.4.tgz. Extracting by manifest.
166 silly tarball no local data for ms@https://registry.npmjs.org/ms/-/ms-2.1.2.tgz. Extracting by manifest.
167 silly tarball no local data for follow-redirects@https://registry.npmjs.org/follow-redirects/-/follow-redirects-1.15.11.tgz. Extracting by manifest.
168 silly tarball no local data for yargs@https://registry.npmjs.org/yargs/-/yargs-17.1.1.tgz. Extracting by manifest.
169 silly tarball no local data for openurl@https://registry.npmjs.org/openurl/-/openurl-1.1.1.tgz. Extracting by manifest.
170 silly tarball no local data for debug@https://registry.npmjs.org/debug/-/debug-4.3.2.tgz. Extracting by manifest.
171 silly tarball no local data for axios@https://registry.npmjs.org/axios/-/axios-0.21.4.tgz. Extracting by manifest.
172 silly tarball no local data for localtunnel@https://registry.npmjs.org/localtunnel/-/localtunnel-2.0.2.tgz. Extracting by manifest.
173 http fetch GET 200 https://registry.npmjs.org/emoji-regex/-/emoji-regex-8.0.0.tgz 51ms (cache miss)
174 http fetch GET 200 https://registry.npmjs.org/is-fullwidth-code-point/-/is-fullwidth-code-point-3.0.0.tgz 58ms (cache miss)
175 http fetch GET 200 https://registry.npmjs.org/strip-ansi/-/strip-ansi-6.0.1.tgz 58ms (cache miss)
176 http fetch GET 200 https://registry.npmjs.org/y18n/-/y18n-5.0.8.tgz 58ms (cache miss)
177 http fetch GET 200 https://registry.npmjs.org/wrap-ansi/-/wrap-ansi-7.0.0.tgz 59ms (cache miss)
178 http fetch GET 200 https://registry.npmjs.org/ansi-regex/-/ansi-regex-5.0.1.tgz 103ms (cache miss)
179 http fetch GET 200 https://registry.npmjs.org/string-width/-/string-width-4.2.3.tgz 104ms (cache miss)
180 http fetch GET 200 https://registry.npmjs.org/require-directory/-/require-directory-2.1.1.tgz 104ms (cache miss)
181 http fetch GET 200 https://registry.npmjs.org/openurl/-/openurl-1.1.1.tgz 103ms (cache miss)
182 http fetch GET 200 https://registry.npmjs.org/axios/-/axios-0.21.4.tgz 123ms (cache miss)
183 http fetch GET 200 https://registry.npmjs.org/debug/-/debug-4.3.2.tgz 123ms (cache miss)
184 http fetch GET 200 https://registry.npmjs.org/localtunnel/-/localtunnel-2.0.2.tgz 138ms (cache miss)
185 http fetch GET 200 https://registry.npmjs.org/get-caller-file/-/get-caller-file-2.0.5.tgz 202ms (cache miss)
186 http fetch GET 200 https://registry.npmjs.org/cliui/-/cliui-7.0.4.tgz 203ms (cache miss)
187 http fetch GET 200 https://registry.npmjs.org/ms/-/ms-2.1.2.tgz 204ms (cache miss)
188 http fetch GET 200 https://registry.npmjs.org/follow-redirects/-/follow-redirects-1.15.11.tgz 206ms (cache miss)
189 http fetch GET 200 https://registry.npmjs.org/yargs/-/yargs-17.1.1.tgz 210ms (cache miss)
190 http fetch GET 200 https://registry.npmjs.org/yargs-parser/-/yargs-parser-20.2.9.tgz 224ms (cache miss)
191 http fetch POST 200 https://registry.npmjs.org/-/npm/v1/security/advisories/bulk 315ms
192 silly audit report {
192 silly audit report   axios: [
192 silly audit report     {
192 silly audit report       id: 1111034,
192 silly audit report       url: 'https://github.com/advisories/GHSA-jr5f-v2jv-69x6',
192 silly audit report       title: 'axios Requests Vulnerable To Possible SSRF and Credential Leakage via Absolute URL',
192 silly audit report       severity: 'high',
192 silly audit report       vulnerable_versions: '<0.30.0',
192 silly audit report       cwe: [Array],
192 silly audit report       cvss: [Object]
192 silly audit report     },
192 silly audit report     {
192 silly audit report       id: 1097679,
192 silly audit report       url: 'https://github.com/advisories/GHSA-wf5p-g6vw-rhxx',
192 silly audit report       title: 'Axios Cross-Site Request Forgery Vulnerability',
192 silly audit report       severity: 'moderate',
192 silly audit report       vulnerable_versions: '>=0.8.1 <0.28.0',
192 silly audit report       cwe: [Array],
192 silly audit report       cvss: [Object]
192 silly audit report     }
192 silly audit report   ]
192 silly audit report }
193 silly packumentCache corgi:https://registry.npmjs.org/axios cache-miss
194 http fetch GET 200 https://registry.npmjs.org/axios 217ms (cache miss)
195 silly packumentCache corgi:https://registry.npmjs.org/axios set size:undefined disposed:false
196 silly packumentCache corgi:https://registry.npmjs.org/localtunnel cache-miss
197 http cache https://registry.npmjs.org/localtunnel 2ms (cache hit)
198 silly packumentCache corgi:https://registry.npmjs.org/localtunnel set size:25176 disposed:false
199 verbose cwd /Users/arjunss/Ai Bot
200 verbose os Darwin 25.2.0
201 verbose node v22.19.0
202 verbose npm  v11.6.0
203 verbose exit 0
204 info ok
